## Footprint report - date Sat Aug 28 17:01:56 2021
## Created by Pcbnew version kicad 5.1.10
## Unit = mm, Angle = deg.

$BeginDESCRIPTION

$BOARD
upper_left_corner 62.592000 33.472600
lower_right_corner 224.948801 160.421801
$EndBOARD

$MODULE "REF**"
reference "REF**"
value "MountingHole_3.2mm_M3"
footprint "MountingHole:MountingHole_3.2mm_M3"
attribut virtual
position 89.566800 76.043000  orientation 0.00
layer front
$PAD "1"
Shape Circle Layer both
position  0.000000  0.000000  size  3.200000  3.200000  orientation 0.00
drill  3.200000
shape_offset  0.000000  0.000000
$EndPAD
$EndMODULE  REF**

$MODULE "REF**"
reference "REF**"
value "MountingHole_3.2mm_M3"
footprint "MountingHole:MountingHole_3.2mm_M3"
attribut virtual
position 139.858800 77.059000  orientation 0.00
layer front
$PAD "1"
Shape Circle Layer both
position  0.000000  0.000000  size  3.200000  3.200000  orientation 0.00
drill  3.200000
shape_offset  0.000000  0.000000
$EndPAD
$EndMODULE  REF**

$MODULE "REF**"
reference "REF**"
value "MountingHole_3.2mm_M3"
footprint "MountingHole:MountingHole_3.2mm_M3"
attribut virtual
position 193.706800 78.075000  orientation 0.00
layer front
$PAD "1"
Shape Circle Layer both
position  0.000000  0.000000  size  3.200000  3.200000  orientation 0.00
drill  3.200000
shape_offset  0.000000  0.000000
$EndPAD
$EndMODULE  REF**

$MODULE "REF**"
reference "REF**"
value "MountingHole_3.2mm_M3"
footprint "MountingHole:MountingHole_3.2mm_M3"
attribut virtual
position 92.868800 134.463000  orientation 0.00
layer front
$PAD "1"
Shape Circle Layer both
position  0.000000  0.000000  size  3.200000  3.200000  orientation 0.00
drill  3.200000
shape_offset  0.000000  0.000000
$EndPAD
$EndMODULE  REF**

$MODULE "REF**"
reference "REF**"
value "MountingHole_3.2mm_M3"
footprint "MountingHole:MountingHole_3.2mm_M3"
attribut virtual
position 198.278800 114.143000  orientation 0.00
layer front
$PAD "1"
Shape Circle Layer both
position  0.000000  0.000000  size  3.200000  3.200000  orientation 0.00
drill  3.200000
shape_offset  0.000000  0.000000
$EndPAD
$EndMODULE  REF**

$MODULE "REF**"
reference "REF**"
value "MountingHole_3.2mm_M3"
footprint "MountingHole:MountingHole_3.2mm_M3"
attribut virtual
position 139.858800 150.719000  orientation 0.00
layer front
$PAD "1"
Shape Circle Layer both
position  0.000000  0.000000  size  3.200000  3.200000  orientation 0.00
drill  3.200000
shape_offset  0.000000  0.000000
$EndPAD
$EndMODULE  REF**

$MODULE "REF**"
reference "REF**"
value "MountingHole_3.2mm_M3"
footprint "MountingHole:MountingHole_3.2mm_M3"
attribut virtual
position 199.294800 150.719000  orientation 0.00
layer front
$PAD "1"
Shape Circle Layer both
position  0.000000  0.000000  size  3.200000  3.200000  orientation 0.00
drill  3.200000
shape_offset  0.000000  0.000000
$EndPAD
$EndMODULE  REF**

$MODULE "REF**"
reference "REF**"
value "MountingHole_3.2mm_M3"
footprint "MountingHole:MountingHole_3.2mm_M3"
attribut virtual
position 199.294800 48.611000  orientation 0.00
layer front
$PAD "1"
Shape Circle Layer both
position  0.000000  0.000000  size  3.200000  3.200000  orientation 0.00
drill  3.200000
shape_offset  0.000000  0.000000
$EndPAD
$EndMODULE  REF**

$MODULE "REF**"
reference "REF**"
value "MountingHole_3.2mm_M3"
footprint "MountingHole:MountingHole_3.2mm_M3"
attribut virtual
position 73.818800 48.611000  orientation 0.00
layer front
$PAD "1"
Shape Circle Layer both
position  0.000000  0.000000  size  3.200000  3.200000  orientation 0.00
drill  3.200000
shape_offset  0.000000  0.000000
$EndPAD
$EndMODULE  REF**

$MODULE "PB2"
reference "PB2"
value "RESET"
footprint "Button_Switch_SMD:SW_SPST_TL3342"
attribut smd
position 168.402000 53.975000  orientation 90.00
layer back
$PAD "2"
Shape Rect Layer back
position  3.150000 -1.900000  size  1.700000  1.000000  orientation 0.00
drill  0.000000
shape_offset  0.000000  0.000000
$EndPAD
$PAD "2"
Shape Rect Layer back
position -3.150000 -1.900000  size  1.700000  1.000000  orientation 0.00
drill  0.000000
shape_offset  0.000000  0.000000
$EndPAD
$PAD "1"
Shape Rect Layer back
position  3.150000  1.900000  size  1.700000  1.000000  orientation 0.00
drill  0.000000
shape_offset  0.000000  0.000000
$EndPAD
$PAD "1"
Shape Rect Layer back
position -3.150000  1.900000  size  1.700000  1.000000  orientation 0.00
drill  0.000000
shape_offset  0.000000  0.000000
$EndPAD
$EndMODULE  PB2

$MODULE "PB1"
reference "PB1"
value "SW_SPST"
footprint "Button_Switch_SMD:SW_SPST_TL3342"
attribut smd
position 178.176000 53.873000  orientation 270.00
layer back
$PAD "1"
Shape Rect Layer back
position -3.150000  1.900000  size  1.700000  1.000000  orientation 0.00
drill  0.000000
shape_offset  0.000000  0.000000
$EndPAD
$PAD "1"
Shape Rect Layer back
position  3.150000  1.900000  size  1.700000  1.000000  orientation 0.00
drill  0.000000
shape_offset  0.000000  0.000000
$EndPAD
$PAD "2"
Shape Rect Layer back
position -3.150000 -1.900000  size  1.700000  1.000000  orientation 0.00
drill  0.000000
shape_offset  0.000000  0.000000
$EndPAD
$PAD "2"
Shape Rect Layer back
position  3.150000 -1.900000  size  1.700000  1.000000  orientation 0.00
drill  0.000000
shape_offset  0.000000  0.000000
$EndPAD
$EndMODULE  PB1

$MODULE "LD3"
reference "LD3"
value "LED"
footprint "LED_SMD:LED_0805_2012Metric_Pad1.15x1.40mm_HandSolder"
attribut smd
position 110.592600 48.539600  orientation 90.00
layer front
$PAD "2"
Shape Roundrect Layer front
position  1.025000  0.000000  size  1.150000  1.400000  orientation 0.00
drill  0.000000
shape_offset  0.000000  0.000000
$EndPAD
$PAD "1"
Shape Roundrect Layer front
position -1.025000  0.000000  size  1.150000  1.400000  orientation 0.00
drill  0.000000
shape_offset  0.000000  0.000000
$EndPAD
$EndMODULE  LD3

$MODULE "LD2"
reference "LD2"
value "LED"
footprint "LED_SMD:LED_0805_2012Metric_Pad1.15x1.40mm_HandSolder"
attribut smd
position 102.592600 48.539600  orientation 90.00
layer front
$PAD "2"
Shape Roundrect Layer front
position  1.025000  0.000000  size  1.150000  1.400000  orientation 0.00
drill  0.000000
shape_offset  0.000000  0.000000
$EndPAD
$PAD "1"
Shape Roundrect Layer front
position -1.025000  0.000000  size  1.150000  1.400000  orientation 0.00
drill  0.000000
shape_offset  0.000000  0.000000
$EndPAD
$EndMODULE  LD2

$MODULE "LD1"
reference "LD1"
value "LED"
footprint "LED_SMD:LED_0805_2012Metric_Pad1.15x1.40mm_HandSolder"
attribut smd
position 94.592600 48.539600  orientation 90.00
layer front
$PAD "1"
Shape Roundrect Layer front
position -1.025000  0.000000  size  1.150000  1.400000  orientation 0.00
drill  0.000000
shape_offset  0.000000  0.000000
$EndPAD
$PAD "2"
Shape Roundrect Layer front
position  1.025000  0.000000  size  1.150000  1.400000  orientation 0.00
drill  0.000000
shape_offset  0.000000  0.000000
$EndPAD
$EndMODULE  LD1

$MODULE "J4"
reference "J4"
value "Conn_Right"
footprint "Random Keyboard Parts:PJ-3200B-4A-TRRS"
attribut none
position 185.477200 45.817000  orientation 270.00
layer back
$PAD "R2"
Shape Oval Layer both
position  3.200000  2.300000  size  1.800000  1.200000  orientation 0.00
drill  1.200000
shape_offset  0.000000  0.000000
$EndPAD
$PAD "R1"
Shape Oval Layer both
position  6.200000  2.300000  size  1.800000  1.200000  orientation 0.00
drill  1.200000
shape_offset  0.000000  0.000000
$EndPAD
$PAD "T"
Shape Oval Layer both
position 10.200000  2.300000  size  1.800000  1.200000  orientation 0.00
drill  1.200000
shape_offset  0.000000  0.000000
$EndPAD
$PAD "S"
Shape Oval Layer both
position 11.300000 -2.300000  size  1.800000  1.200000  orientation 0.00
drill  1.200000
shape_offset  0.000000  0.000000
$EndPAD
$PAD ""
Shape Circle Layer both
position  1.600000  0.000000  size  1.500000  1.500000  orientation 0.00
drill  1.500000
shape_offset  0.000000  0.000000
$EndPAD
$PAD ""
Shape Circle Layer both
position  8.600000  0.000000  size  1.500000  1.500000  orientation 0.00
drill  1.500000
shape_offset  0.000000  0.000000
$EndPAD
$EndMODULE  J4

$MODULE "J3"
reference "J3"
value "Conn_Left"
footprint "Random Keyboard Parts:PJ-3200B-4A-TRRS"
attribut none
position 87.407800 45.817000  orientation 270.00
layer back
$PAD ""
Shape Circle Layer both
position  8.600000  0.000000  size  1.500000  1.500000  orientation 0.00
drill  1.500000
shape_offset  0.000000  0.000000
$EndPAD
$PAD ""
Shape Circle Layer both
position  1.600000  0.000000  size  1.500000  1.500000  orientation 0.00
drill  1.500000
shape_offset  0.000000  0.000000
$EndPAD
$PAD "S"
Shape Oval Layer both
position 11.300000 -2.300000  size  1.800000  1.200000  orientation 0.00
drill  1.200000
shape_offset  0.000000  0.000000
$EndPAD
$PAD "T"
Shape Oval Layer both
position 10.200000  2.300000  size  1.800000  1.200000  orientation 0.00
drill  1.200000
shape_offset  0.000000  0.000000
$EndPAD
$PAD "R1"
Shape Oval Layer both
position  6.200000  2.300000  size  1.800000  1.200000  orientation 0.00
drill  1.200000
shape_offset  0.000000  0.000000
$EndPAD
$PAD "R2"
Shape Oval Layer both
position  3.200000  2.300000  size  1.800000  1.200000  orientation 0.00
drill  1.200000
shape_offset  0.000000  0.000000
$EndPAD
$EndMODULE  J3

$MODULE "U2"
reference "U2"
value "STM32F103C8Tx"
footprint "Package_QFP:LQFP-48_7x7mm_P0.5mm"
attribut smd
position 129.794000 52.959000  orientation 45.00
layer back
$PAD "48"
Shape Roundrect Layer back
position -2.750000  4.162500  size  0.300000  1.475000  orientation 0.00
drill  0.000000
shape_offset  0.000000  0.000000
$EndPAD
$PAD "47"
Shape Roundrect Layer back
position -2.250000  4.162500  size  0.300000  1.475000  orientation 0.00
drill  0.000000
shape_offset  0.000000  0.000000
$EndPAD
$PAD "46"
Shape Roundrect Layer back
position -1.750000  4.162500  size  0.300000  1.475000  orientation 0.00
drill  0.000000
shape_offset  0.000000  0.000000
$EndPAD
$PAD "45"
Shape Roundrect Layer back
position -1.250000  4.162500  size  0.300000  1.475000  orientation 0.00
drill  0.000000
shape_offset  0.000000  0.000000
$EndPAD
$PAD "44"
Shape Roundrect Layer back
position -0.750000  4.162500  size  0.300000  1.475000  orientation 0.00
drill  0.000000
shape_offset  0.000000  0.000000
$EndPAD
$PAD "43"
Shape Roundrect Layer back
position -0.250000  4.162500  size  0.300000  1.475000  orientation 0.00
drill  0.000000
shape_offset  0.000000  0.000000
$EndPAD
$PAD "42"
Shape Roundrect Layer back
position  0.250000  4.162500  size  0.300000  1.475000  orientation 0.00
drill  0.000000
shape_offset  0.000000  0.000000
$EndPAD
$PAD "41"
Shape Roundrect Layer back
position  0.750000  4.162500  size  0.300000  1.475000  orientation 0.00
drill  0.000000
shape_offset  0.000000  0.000000
$EndPAD
$PAD "40"
Shape Roundrect Layer back
position  1.250000  4.162500  size  0.300000  1.475000  orientation 0.00
drill  0.000000
shape_offset  0.000000  0.000000
$EndPAD
$PAD "39"
Shape Roundrect Layer back
position  1.750000  4.162500  size  0.300000  1.475000  orientation 0.00
drill  0.000000
shape_offset  0.000000  0.000000
$EndPAD
$PAD "38"
Shape Roundrect Layer back
position  2.250000  4.162500  size  0.300000  1.475000  orientation 0.00
drill  0.000000
shape_offset  0.000000  0.000000
$EndPAD
$PAD "37"
Shape Roundrect Layer back
position  2.750000  4.162500  size  0.300000  1.475000  orientation 0.00
drill  0.000000
shape_offset  0.000000  0.000000
$EndPAD
$PAD "36"
Shape Roundrect Layer back
position  4.162500  2.750000  size  1.475000  0.300000  orientation 0.00
drill  0.000000
shape_offset  0.000000  0.000000
$EndPAD
$PAD "35"
Shape Roundrect Layer back
position  4.162500  2.250000  size  1.475000  0.300000  orientation 0.00
drill  0.000000
shape_offset  0.000000  0.000000
$EndPAD
$PAD "34"
Shape Roundrect Layer back
position  4.162500  1.750000  size  1.475000  0.300000  orientation 0.00
drill  0.000000
shape_offset  0.000000  0.000000
$EndPAD
$PAD "33"
Shape Roundrect Layer back
position  4.162500  1.250000  size  1.475000  0.300000  orientation 0.00
drill  0.000000
shape_offset  0.000000  0.000000
$EndPAD
$PAD "32"
Shape Roundrect Layer back
position  4.162500  0.750000  size  1.475000  0.300000  orientation 0.00
drill  0.000000
shape_offset  0.000000  0.000000
$EndPAD
$PAD "31"
Shape Roundrect Layer back
position  4.162500  0.250000  size  1.475000  0.300000  orientation 0.00
drill  0.000000
shape_offset  0.000000  0.000000
$EndPAD
$PAD "30"
Shape Roundrect Layer back
position  4.162500 -0.250000  size  1.475000  0.300000  orientation 0.00
drill  0.000000
shape_offset  0.000000  0.000000
$EndPAD
$PAD "29"
Shape Roundrect Layer back
position  4.162500 -0.750000  size  1.475000  0.300000  orientation 0.00
drill  0.000000
shape_offset  0.000000  0.000000
$EndPAD
$PAD "28"
Shape Roundrect Layer back
position  4.162500 -1.250000  size  1.475000  0.300000  orientation 0.00
drill  0.000000
shape_offset  0.000000  0.000000
$EndPAD
$PAD "27"
Shape Roundrect Layer back
position  4.162500 -1.750000  size  1.475000  0.300000  orientation 0.00
drill  0.000000
shape_offset  0.000000  0.000000
$EndPAD
$PAD "26"
Shape Roundrect Layer back
position  4.162500 -2.250000  size  1.475000  0.300000  orientation 0.00
drill  0.000000
shape_offset  0.000000  0.000000
$EndPAD
$PAD "25"
Shape Roundrect Layer back
position  4.162500 -2.750000  size  1.475000  0.300000  orientation 0.00
drill  0.000000
shape_offset  0.000000  0.000000
$EndPAD
$PAD "24"
Shape Roundrect Layer back
position  2.750000 -4.162500  size  0.300000  1.475000  orientation 0.00
drill  0.000000
shape_offset  0.000000  0.000000
$EndPAD
$PAD "23"
Shape Roundrect Layer back
position  2.250000 -4.162500  size  0.300000  1.475000  orientation 0.00
drill  0.000000
shape_offset  0.000000  0.000000
$EndPAD
$PAD "22"
Shape Roundrect Layer back
position  1.750000 -4.162500  size  0.300000  1.475000  orientation 0.00
drill  0.000000
shape_offset  0.000000  0.000000
$EndPAD
$PAD "21"
Shape Roundrect Layer back
position  1.250000 -4.162500  size  0.300000  1.475000  orientation 0.00
drill  0.000000
shape_offset  0.000000  0.000000
$EndPAD
$PAD "20"
Shape Roundrect Layer back
position  0.750000 -4.162500  size  0.300000  1.475000  orientation 0.00
drill  0.000000
shape_offset  0.000000  0.000000
$EndPAD
$PAD "19"
Shape Roundrect Layer back
position  0.250000 -4.162500  size  0.300000  1.475000  orientation 0.00
drill  0.000000
shape_offset  0.000000  0.000000
$EndPAD
$PAD "18"
Shape Roundrect Layer back
position -0.250000 -4.162500  size  0.300000  1.475000  orientation 0.00
drill  0.000000
shape_offset  0.000000  0.000000
$EndPAD
$PAD "17"
Shape Roundrect Layer back
position -0.750000 -4.162500  size  0.300000  1.475000  orientation 0.00
drill  0.000000
shape_offset  0.000000  0.000000
$EndPAD
$PAD "16"
Shape Roundrect Layer back
position -1.250000 -4.162500  size  0.300000  1.475000  orientation 0.00
drill  0.000000
shape_offset  0.000000  0.000000
$EndPAD
$PAD "15"
Shape Roundrect Layer back
position -1.750000 -4.162500  size  0.300000  1.475000  orientation 0.00
drill  0.000000
shape_offset  0.000000  0.000000
$EndPAD
$PAD "14"
Shape Roundrect Layer back
position -2.250000 -4.162500  size  0.300000  1.475000  orientation 0.00
drill  0.000000
shape_offset  0.000000  0.000000
$EndPAD
$PAD "13"
Shape Roundrect Layer back
position -2.750000 -4.162500  size  0.300000  1.475000  orientation 0.00
drill  0.000000
shape_offset  0.000000  0.000000
$EndPAD
$PAD "12"
Shape Roundrect Layer back
position -4.162500 -2.750000  size  1.475000  0.300000  orientation 0.00
drill  0.000000
shape_offset  0.000000  0.000000
$EndPAD
$PAD "11"
Shape Roundrect Layer back
position -4.162500 -2.250000  size  1.475000  0.300000  orientation 0.00
drill  0.000000
shape_offset  0.000000  0.000000
$EndPAD
$PAD "10"
Shape Roundrect Layer back
position -4.162500 -1.750000  size  1.475000  0.300000  orientation 0.00
drill  0.000000
shape_offset  0.000000  0.000000
$EndPAD
$PAD "9"
Shape Roundrect Layer back
position -4.162500 -1.250000  size  1.475000  0.300000  orientation 0.00
drill  0.000000
shape_offset  0.000000  0.000000
$EndPAD
$PAD "8"
Shape Roundrect Layer back
position -4.162500 -0.750000  size  1.475000  0.300000  orientation 0.00
drill  0.000000
shape_offset  0.000000  0.000000
$EndPAD
$PAD "7"
Shape Roundrect Layer back
position -4.162500 -0.250000  size  1.475000  0.300000  orientation 0.00
drill  0.000000
shape_offset  0.000000  0.000000
$EndPAD
$PAD "6"
Shape Roundrect Layer back
position -4.162500  0.250000  size  1.475000  0.300000  orientation 0.00
drill  0.000000
shape_offset  0.000000  0.000000
$EndPAD
$PAD "5"
Shape Roundrect Layer back
position -4.162500  0.750000  size  1.475000  0.300000  orientation 0.00
drill  0.000000
shape_offset  0.000000  0.000000
$EndPAD
$PAD "4"
Shape Roundrect Layer back
position -4.162500  1.250000  size  1.475000  0.300000  orientation 0.00
drill  0.000000
shape_offset  0.000000  0.000000
$EndPAD
$PAD "3"
Shape Roundrect Layer back
position -4.162500  1.750000  size  1.475000  0.300000  orientation 0.00
drill  0.000000
shape_offset  0.000000  0.000000
$EndPAD
$PAD "2"
Shape Roundrect Layer back
position -4.162500  2.250000  size  1.475000  0.300000  orientation 0.00
drill  0.000000
shape_offset  0.000000  0.000000
$EndPAD
$PAD "1"
Shape Roundrect Layer back
position -4.162500  2.750000  size  1.475000  0.300000  orientation 0.00
drill  0.000000
shape_offset  0.000000  0.000000
$EndPAD
$EndMODULE  U2

$MODULE "U1"
reference "U1"
value "LN1154"
footprint "Package_TO_SOT_SMD:SOT-23-5"
attribut smd
position 143.764000 48.895000  orientation 90.00
layer back
$PAD "5"
Shape Rect Layer back
position  1.100000  0.950000  size  1.060000  0.650000  orientation 0.00
drill  0.000000
shape_offset  0.000000  0.000000
$EndPAD
$PAD "4"
Shape Rect Layer back
position  1.100000 -0.950000  size  1.060000  0.650000  orientation 0.00
drill  0.000000
shape_offset  0.000000  0.000000
$EndPAD
$PAD "3"
Shape Rect Layer back
position -1.100000 -0.950000  size  1.060000  0.650000  orientation 0.00
drill  0.000000
shape_offset  0.000000  0.000000
$EndPAD
$PAD "2"
Shape Rect Layer back
position -1.100000  0.000000  size  1.060000  0.650000  orientation 0.00
drill  0.000000
shape_offset  0.000000  0.000000
$EndPAD
$PAD "1"
Shape Rect Layer back
position -1.100000  0.950000  size  1.060000  0.650000  orientation 0.00
drill  0.000000
shape_offset  0.000000  0.000000
$EndPAD
$EndMODULE  U1

$MODULE "TP3"
reference "TP3"
value "USB_SBU2"
footprint "TestPoint:TestPoint_Pad_D1.0mm"
attribut virtual
position 149.860000 54.483000  orientation 0.00
layer back
$PAD "1"
Shape Circle Layer back
position  0.000000  0.000000  size  1.000000  1.000000  orientation 0.00
drill  0.000000
shape_offset  0.000000  0.000000
$EndPAD
$EndMODULE  TP3

$MODULE "TP2"
reference "TP2"
value "USB_SBU1"
footprint "TestPoint:TestPoint_Pad_D1.0mm"
attribut virtual
position 156.464000 55.753000  orientation 0.00
layer back
$PAD "1"
Shape Circle Layer back
position  0.000000  0.000000  size  1.000000  1.000000  orientation 0.00
drill  0.000000
shape_offset  0.000000  0.000000
$EndPAD
$EndMODULE  TP2

$MODULE "TP1"
reference "TP1"
value "TestPoint"
footprint "TestPoint:TestPoint_Pad_D1.0mm"
attribut virtual
position 141.478000 57.277000  orientation 0.00
layer back
$PAD "1"
Shape Circle Layer back
position  0.000000  0.000000  size  1.000000  1.000000  orientation 0.00
drill  0.000000
shape_offset  0.000000  0.000000
$EndPAD
$EndMODULE  TP1

$MODULE "R12"
reference "R12"
value "RExt"
footprint "Resistor_SMD:R_0603_1608Metric_Pad0.98x0.95mm_HandSolder"
attribut smd
position 124.714000 57.785000  orientation 225.00
layer back
$PAD "2"
Shape Roundrect Layer back
position  0.912500  0.000000  size  0.975000  0.950000  orientation 0.00
drill  0.000000
shape_offset  0.000000  0.000000
$EndPAD
$PAD "1"
Shape Roundrect Layer back
position -0.912500  0.000000  size  0.975000  0.950000  orientation 0.00
drill  0.000000
shape_offset  0.000000  0.000000
$EndPAD
$EndMODULE  R12

$MODULE "R11"
reference "R11"
value "510R"
footprint "Resistor_SMD:R_0603_1608Metric_Pad0.98x0.95mm_HandSolder"
attribut smd
position 116.594300 50.135000  orientation 0.00
layer back
$PAD "1"
Shape Roundrect Layer back
position -0.912500  0.000000  size  0.975000  0.950000  orientation 0.00
drill  0.000000
shape_offset  0.000000  0.000000
$EndPAD
$PAD "2"
Shape Roundrect Layer back
position  0.912500  0.000000  size  0.975000  0.950000  orientation 0.00
drill  0.000000
shape_offset  0.000000  0.000000
$EndPAD
$EndMODULE  R11

$MODULE "R10"
reference "R10"
value "510R"
footprint "Resistor_SMD:R_0603_1608Metric_Pad0.98x0.95mm_HandSolder"
attribut smd
position 101.022200 48.558300  orientation 90.00
layer back
$PAD "2"
Shape Roundrect Layer back
position  0.912500  0.000000  size  0.975000  0.950000  orientation 0.00
drill  0.000000
shape_offset  0.000000  0.000000
$EndPAD
$PAD "1"
Shape Roundrect Layer back
position -0.912500  0.000000  size  0.975000  0.950000  orientation 0.00
drill  0.000000
shape_offset  0.000000  0.000000
$EndPAD
$EndMODULE  R10

$MODULE "R9"
reference "R9"
value "510R"
footprint "Resistor_SMD:R_0603_1608Metric_Pad0.98x0.95mm_HandSolder"
attribut smd
position 96.494600 48.659900  orientation 90.00
layer back
$PAD "1"
Shape Roundrect Layer back
position -0.912500  0.000000  size  0.975000  0.950000  orientation 0.00
drill  0.000000
shape_offset  0.000000  0.000000
$EndPAD
$PAD "2"
Shape Roundrect Layer back
position  0.912500  0.000000  size  0.975000  0.950000  orientation 0.00
drill  0.000000
shape_offset  0.000000  0.000000
$EndPAD
$EndMODULE  R9

$MODULE "R8"
reference "R8"
value "20R"
footprint "Resistor_SMD:R_0603_1608Metric_Pad0.98x0.95mm_HandSolder"
attribut smd
position 154.074500 54.229000  orientation 180.00
layer back
$PAD "2"
Shape Roundrect Layer back
position  0.912500  0.000000  size  0.975000  0.950000  orientation 0.00
drill  0.000000
shape_offset  0.000000  0.000000
$EndPAD
$PAD "1"
Shape Roundrect Layer back
position -0.912500  0.000000  size  0.975000  0.950000  orientation 0.00
drill  0.000000
shape_offset  0.000000  0.000000
$EndPAD
$EndMODULE  R8

$MODULE "R7"
reference "R7"
value "20R"
footprint "Resistor_SMD:R_0603_1608Metric_Pad0.98x0.95mm_HandSolder"
attribut smd
position 153.162000 56.618500  orientation 90.00
layer back
$PAD "2"
Shape Roundrect Layer back
position  0.912500  0.000000  size  0.975000  0.950000  orientation 0.00
drill  0.000000
shape_offset  0.000000  0.000000
$EndPAD
$PAD "1"
Shape Roundrect Layer back
position -0.912500  0.000000  size  0.975000  0.950000  orientation 0.00
drill  0.000000
shape_offset  0.000000  0.000000
$EndPAD
$EndMODULE  R7

$MODULE "R6"
reference "R6"
value "1.5k"
footprint "Resistor_SMD:R_0603_1608Metric_Pad0.98x0.95mm_HandSolder"
attribut smd
position 154.686000 56.618500  orientation 90.00
layer back
$PAD "1"
Shape Roundrect Layer back
position -0.912500  0.000000  size  0.975000  0.950000  orientation 0.00
drill  0.000000
shape_offset  0.000000  0.000000
$EndPAD
$PAD "2"
Shape Roundrect Layer back
position  0.912500  0.000000  size  0.975000  0.950000  orientation 0.00
drill  0.000000
shape_offset  0.000000  0.000000
$EndPAD
$EndMODULE  R6

$MODULE "R5"
reference "R5"
value "5.1k"
footprint "Resistor_SMD:R_0603_1608Metric_Pad0.98x0.95mm_HandSolder"
attribut smd
position 158.242000 55.141500  orientation 90.00
layer back
$PAD "2"
Shape Roundrect Layer back
position  0.912500  0.000000  size  0.975000  0.950000  orientation 0.00
drill  0.000000
shape_offset  0.000000  0.000000
$EndPAD
$PAD "1"
Shape Roundrect Layer back
position -0.912500  0.000000  size  0.975000  0.950000  orientation 0.00
drill  0.000000
shape_offset  0.000000  0.000000
$EndPAD
$EndMODULE  R5

$MODULE "R4"
reference "R4"
value "5.1k"
footprint "Resistor_SMD:R_0603_1608Metric_Pad0.98x0.95mm_HandSolder"
attribut smd
position 151.638000 55.141500  orientation 90.00
layer back
$PAD "1"
Shape Roundrect Layer back
position -0.912500  0.000000  size  0.975000  0.950000  orientation 0.00
drill  0.000000
shape_offset  0.000000  0.000000
$EndPAD
$PAD "2"
Shape Roundrect Layer back
position  0.912500  0.000000  size  0.975000  0.950000  orientation 0.00
drill  0.000000
shape_offset  0.000000  0.000000
$EndPAD
$EndMODULE  R4

$MODULE "R3"
reference "R3"
value "10k"
footprint "Resistor_SMD:R_0603_1608Metric_Pad0.98x0.95mm_HandSolder"
attribut smd
position 164.338000 56.618500  orientation 270.00
layer back
$PAD "1"
Shape Roundrect Layer back
position -0.912500  0.000000  size  0.975000  0.950000  orientation 0.00
drill  0.000000
shape_offset  0.000000  0.000000
$EndPAD
$PAD "2"
Shape Roundrect Layer back
position  0.912500  0.000000  size  0.975000  0.950000  orientation 0.00
drill  0.000000
shape_offset  0.000000  0.000000
$EndPAD
$EndMODULE  R3

$MODULE "R2"
reference "R2"
value "10k"
footprint "Resistor_SMD:R_0603_1608Metric_Pad0.98x0.95mm_HandSolder"
attribut smd
position 174.244000 56.364500  orientation 90.00
layer back
$PAD "2"
Shape Roundrect Layer back
position  0.912500  0.000000  size  0.975000  0.950000  orientation 0.00
drill  0.000000
shape_offset  0.000000  0.000000
$EndPAD
$PAD "1"
Shape Roundrect Layer back
position -0.912500  0.000000  size  0.975000  0.950000  orientation 0.00
drill  0.000000
shape_offset  0.000000  0.000000
$EndPAD
$EndMODULE  R2

$MODULE "R1"
reference "R1"
value "10k"
footprint "Resistor_SMD:R_0603_1608Metric_Pad0.98x0.95mm_HandSolder"
attribut smd
position 144.272000 57.277000  orientation 0.00
layer back
$PAD "1"
Shape Roundrect Layer back
position -0.912500  0.000000  size  0.975000  0.950000  orientation 0.00
drill  0.000000
shape_offset  0.000000  0.000000
$EndPAD
$PAD "2"
Shape Roundrect Layer back
position  0.912500  0.000000  size  0.975000  0.950000  orientation 0.00
drill  0.000000
shape_offset  0.000000  0.000000
$EndPAD
$EndMODULE  R1

$MODULE "J2"
reference "J2"
value "Debug"
footprint "Connector_PinHeader_2.54mm:PinHeader_1x04_P2.54mm_Horizontal"
attribut none
position 112.268000 56.007000  orientation 90.00
layer back
$PAD "4"
Shape Oval Layer both
position  0.000000 -7.620000  size  1.700000  1.700000  orientation 0.00
drill  1.000000
shape_offset  0.000000  0.000000
$EndPAD
$PAD "3"
Shape Oval Layer both
position  0.000000 -5.080000  size  1.700000  1.700000  orientation 0.00
drill  1.000000
shape_offset  0.000000  0.000000
$EndPAD
$PAD "2"
Shape Oval Layer both
position  0.000000 -2.540000  size  1.700000  1.700000  orientation 0.00
drill  1.000000
shape_offset  0.000000  0.000000
$EndPAD
$PAD "1"
Shape Rect Layer both
position  0.000000  0.000000  size  1.700000  1.700000  orientation 0.00
drill  1.000000
shape_offset  0.000000  0.000000
$EndPAD
$EndMODULE  J2

$MODULE "J1"
reference "J1"
value "USB_C_Receptacle_USB2.0"
footprint "Connector_USB:USB_C_Receptacle_HRO_TYPE-C-31-M-12"
attribut smd
position 154.319001 48.033999  orientation 0.00
layer back
$PAD "B1"
Shape Rect Layer back
position  3.250000  4.045000  size  0.600000  1.450000  orientation 0.00
drill  0.000000
shape_offset  0.000000  0.000000
$EndPAD
$PAD "A9"
Shape Rect Layer back
position  2.450000  4.045000  size  0.600000  1.450000  orientation 0.00
drill  0.000000
shape_offset  0.000000  0.000000
$EndPAD
$PAD "B9"
Shape Rect Layer back
position -2.450000  4.045000  size  0.600000  1.450000  orientation 0.00
drill  0.000000
shape_offset  0.000000  0.000000
$EndPAD
$PAD "B12"
Shape Rect Layer back
position -3.250000  4.045000  size  0.600000  1.450000  orientation 0.00
drill  0.000000
shape_offset  0.000000  0.000000
$EndPAD
$PAD "A1"
Shape Rect Layer back
position -3.250000  4.045000  size  0.600000  1.450000  orientation 0.00
drill  0.000000
shape_offset  0.000000  0.000000
$EndPAD
$PAD "A4"
Shape Rect Layer back
position -2.450000  4.045000  size  0.600000  1.450000  orientation 0.00
drill  0.000000
shape_offset  0.000000  0.000000
$EndPAD
$PAD "B4"
Shape Rect Layer back
position  2.450000  4.045000  size  0.600000  1.450000  orientation 0.00
drill  0.000000
shape_offset  0.000000  0.000000
$EndPAD
$PAD "A12"
Shape Rect Layer back
position  3.250000  4.045000  size  0.600000  1.450000  orientation 0.00
drill  0.000000
shape_offset  0.000000  0.000000
$EndPAD
$PAD "B8"
Shape Rect Layer back
position -1.750000  4.045000  size  0.300000  1.450000  orientation 0.00
drill  0.000000
shape_offset  0.000000  0.000000
$EndPAD
$PAD "A5"
Shape Rect Layer back
position -1.250000  4.045000  size  0.300000  1.450000  orientation 0.00
drill  0.000000
shape_offset  0.000000  0.000000
$EndPAD
$PAD "B7"
Shape Rect Layer back
position -0.750000  4.045000  size  0.300000  1.450000  orientation 0.00
drill  0.000000
shape_offset  0.000000  0.000000
$EndPAD
$PAD "A7"
Shape Rect Layer back
position  0.250000  4.045000  size  0.300000  1.450000  orientation 0.00
drill  0.000000
shape_offset  0.000000  0.000000
$EndPAD
$PAD "B6"
Shape Rect Layer back
position  0.750000  4.045000  size  0.300000  1.450000  orientation 0.00
drill  0.000000
shape_offset  0.000000  0.000000
$EndPAD
$PAD "A8"
Shape Rect Layer back
position  1.250000  4.045000  size  0.300000  1.450000  orientation 0.00
drill  0.000000
shape_offset  0.000000  0.000000
$EndPAD
$PAD "B5"
Shape Rect Layer back
position  1.750000  4.045000  size  0.300000  1.450000  orientation 0.00
drill  0.000000
shape_offset  0.000000  0.000000
$EndPAD
$PAD "A6"
Shape Rect Layer back
position -0.250000  4.045000  size  0.300000  1.450000  orientation 0.00
drill  0.000000
shape_offset  0.000000  0.000000
$EndPAD
$PAD "S1"
Shape Oval Layer both
position  4.320000  3.130000  size  1.000000  2.100000  orientation 0.00
drill  0.600000
shape_offset  0.000000  0.000000
$EndPAD
$PAD "S1"
Shape Oval Layer both
position -4.320000  3.130000  size  1.000000  2.100000  orientation 0.00
drill  0.600000
shape_offset  0.000000  0.000000
$EndPAD
$PAD ""
Shape Circle Layer both
position -2.890000  2.600000  size  0.650000  0.650000  orientation 0.00
drill  0.650000
shape_offset  0.000000  0.000000
$EndPAD
$PAD "S1"
Shape Oval Layer both
position -4.320000 -1.050000  size  1.000000  1.600000  orientation 0.00
drill  0.600000
shape_offset  0.000000  0.000000
$EndPAD
$PAD ""
Shape Circle Layer both
position  2.890000  2.600000  size  0.650000  0.650000  orientation 0.00
drill  0.650000
shape_offset  0.000000  0.000000
$EndPAD
$PAD "S1"
Shape Oval Layer both
position  4.320000 -1.050000  size  1.000000  1.600000  orientation 0.00
drill  0.600000
shape_offset  0.000000  0.000000
$EndPAD
$EndMODULE  J1

$MODULE "C11"
reference "C11"
value "CL2"
footprint "Capacitor_SMD:C_0603_1608Metric_Pad1.08x0.95mm_HandSolder"
attribut smd
position 122.174000 53.844500  orientation 270.00
layer back
$PAD "1"
Shape Roundrect Layer back
position -0.862500  0.000000  size  1.075000  0.950000  orientation 0.00
drill  0.000000
shape_offset  0.000000  0.000000
$EndPAD
$PAD "2"
Shape Roundrect Layer back
position  0.862500  0.000000  size  1.075000  0.950000  orientation 0.00
drill  0.000000
shape_offset  0.000000  0.000000
$EndPAD
$EndMODULE  C11

$MODULE "C10"
reference "C10"
value "CL1"
footprint "Capacitor_SMD:C_0603_1608Metric_Pad1.08x0.95mm_HandSolder"
attribut smd
position 124.714000 60.071000  orientation 225.00
layer back
$PAD "2"
Shape Roundrect Layer back
position  0.862500  0.000000  size  1.075000  0.950000  orientation 0.00
drill  0.000000
shape_offset  0.000000  0.000000
$EndPAD
$PAD "1"
Shape Roundrect Layer back
position -0.862500  0.000000  size  1.075000  0.950000  orientation 0.00
drill  0.000000
shape_offset  0.000000  0.000000
$EndPAD
$EndMODULE  C10

$MODULE "C9"
reference "C9"
value "100nF"
footprint "Capacitor_SMD:C_0805_2012Metric_Pad1.18x1.45mm_HandSolder"
attribut smd
position 108.436500 59.055000  orientation 180.00
layer back
$PAD "1"
Shape Roundrect Layer back
position -1.037500  0.000000  size  1.175000  1.450000  orientation 0.00
drill  0.000000
shape_offset  0.000000  0.000000
$EndPAD
$PAD "2"
Shape Roundrect Layer back
position  1.037500  0.000000  size  1.175000  1.450000  orientation 0.00
drill  0.000000
shape_offset  0.000000  0.000000
$EndPAD
$EndMODULE  C9

$MODULE "C8"
reference "C8"
value "1uF"
footprint "Capacitor_SMD:C_0603_1608Metric_Pad1.08x0.95mm_HandSolder"
attribut smd
position 143.663500 51.689000  orientation 180.00
layer back
$PAD "2"
Shape Roundrect Layer back
position  0.862500  0.000000  size  1.075000  0.950000  orientation 0.00
drill  0.000000
shape_offset  0.000000  0.000000
$EndPAD
$PAD "1"
Shape Roundrect Layer back
position -0.862500  0.000000  size  1.075000  0.950000  orientation 0.00
drill  0.000000
shape_offset  0.000000  0.000000
$EndPAD
$EndMODULE  C8

$MODULE "C7"
reference "C7"
value "100nF"
footprint "Capacitor_SMD:C_0805_2012Metric_Pad1.18x1.45mm_HandSolder"
attribut smd
position 162.560000 56.239500  orientation 90.00
layer back
$PAD "2"
Shape Roundrect Layer back
position  1.037500  0.000000  size  1.175000  1.450000  orientation 0.00
drill  0.000000
shape_offset  0.000000  0.000000
$EndPAD
$PAD "1"
Shape Roundrect Layer back
position -1.037500  0.000000  size  1.175000  1.450000  orientation 0.00
drill  0.000000
shape_offset  0.000000  0.000000
$EndPAD
$EndMODULE  C7

$MODULE "C6"
reference "C6"
value "1uF"
footprint "Capacitor_SMD:C_0603_1608Metric_Pad1.08x0.95mm_HandSolder"
attribut smd
position 146.505000 48.794500  orientation 270.00
layer back
$PAD "1"
Shape Roundrect Layer back
position -0.862500  0.000000  size  1.075000  0.950000  orientation 0.00
drill  0.000000
shape_offset  0.000000  0.000000
$EndPAD
$PAD "2"
Shape Roundrect Layer back
position  0.862500  0.000000  size  1.075000  0.950000  orientation 0.00
drill  0.000000
shape_offset  0.000000  0.000000
$EndPAD
$EndMODULE  C6

$MODULE "C5"
reference "C5"
value "4.7uF - 10uF"
footprint "Capacitor_SMD:C_0805_2012Metric_Pad1.18x1.45mm_HandSolder"
attribut smd
position 137.181500 56.007000  orientation 0.00
layer back
$PAD "1"
Shape Roundrect Layer back
position -1.037500  0.000000  size  1.175000  1.450000  orientation 0.00
drill  0.000000
shape_offset  0.000000  0.000000
$EndPAD
$PAD "2"
Shape Roundrect Layer back
position  1.037500  0.000000  size  1.175000  1.450000  orientation 0.00
drill  0.000000
shape_offset  0.000000  0.000000
$EndPAD
$EndMODULE  C5

$MODULE "C4"
reference "C4"
value "100nF"
footprint "Capacitor_SMD:C_0805_2012Metric_Pad1.18x1.45mm_HandSolder"
attribut smd
position 133.836500 59.309000  orientation 0.00
layer back
$PAD "2"
Shape Roundrect Layer back
position  1.037500  0.000000  size  1.175000  1.450000  orientation 0.00
drill  0.000000
shape_offset  0.000000  0.000000
$EndPAD
$PAD "1"
Shape Roundrect Layer back
position -1.037500  0.000000  size  1.175000  1.450000  orientation 0.00
drill  0.000000
shape_offset  0.000000  0.000000
$EndPAD
$EndMODULE  C4

$MODULE "C3"
reference "C3"
value "100nF"
footprint "Capacitor_SMD:C_0805_2012Metric_Pad1.18x1.45mm_HandSolder"
attribut smd
position 137.392500 52.959000  orientation 180.00
layer back
$PAD "1"
Shape Roundrect Layer back
position -1.037500  0.000000  size  1.175000  1.450000  orientation 0.00
drill  0.000000
shape_offset  0.000000  0.000000
$EndPAD
$PAD "2"
Shape Roundrect Layer back
position  1.037500  0.000000  size  1.175000  1.450000  orientation 0.00
drill  0.000000
shape_offset  0.000000  0.000000
$EndPAD
$EndMODULE  C3

$MODULE "C2"
reference "C2"
value "100nF"
footprint "Capacitor_SMD:C_0805_2012Metric_Pad1.18x1.45mm_HandSolder"
attribut smd
position 126.746000 47.117000  orientation 225.00
layer back
$PAD "2"
Shape Roundrect Layer back
position  1.037500  0.000000  size  1.175000  1.450000  orientation 0.00
drill  0.000000
shape_offset  0.000000  0.000000
$EndPAD
$PAD "1"
Shape Roundrect Layer back
position -1.037500  0.000000  size  1.175000  1.450000  orientation 0.00
drill  0.000000
shape_offset  0.000000  0.000000
$EndPAD
$EndMODULE  C2

$MODULE "C1"
reference "C1"
value "100nF"
footprint "Capacitor_SMD:C_0805_2012Metric_Pad1.18x1.45mm_HandSolder"
attribut smd
position 123.415623 56.543377  orientation 225.00
layer back
$PAD "2"
Shape Roundrect Layer back
position  1.037500  0.000000  size  1.175000  1.450000  orientation 0.00
drill  0.000000
shape_offset  0.000000  0.000000
$EndPAD
$PAD "1"
Shape Roundrect Layer back
position -1.037500  0.000000  size  1.175000  1.450000  orientation 0.00
drill  0.000000
shape_offset  0.000000  0.000000
$EndPAD
$EndMODULE  C1

$MODULE "SW9"
reference "SW9"
value "SW_Push"
footprint "SW_Cherry_MX_PCB_1.00u"
attribut none
position 107.931000 86.722000  orientation 0.00
layer front
$PAD ""
Shape Circle Layer both
position  5.080000  0.000000  size  1.750000  1.750000  orientation 0.00
drill  1.750000
shape_offset  0.000000  0.000000
$EndPAD
$PAD ""
Shape Circle Layer both
position -5.080000  0.000000  size  1.750000  1.750000  orientation 0.00
drill  1.750000
shape_offset  0.000000  0.000000
$EndPAD
$PAD ""
Shape Circle Layer both
position  0.000000  0.000000  size  4.000000  4.000000  orientation 0.00
drill  4.000000
shape_offset  0.000000  0.000000
$EndPAD
$PAD "2"
Shape Circle Layer both
position  2.540000 -5.080000  size  2.500000  2.500000  orientation 0.00
drill  1.500000
shape_offset  0.000000  0.000000
$EndPAD
$PAD "1"
Shape Circle Layer both
position -3.810000 -2.540000  size  2.500000  2.500000  orientation 0.00
drill  1.500000
shape_offset  0.000000  0.000000
$EndPAD
$EndMODULE  SW9

$MODULE "SW8"
reference "SW8"
value "SW_Push"
footprint "SW_Cherry_MX_PCB_1.50u"
attribut none
position 84.118500 86.722000  orientation 0.00
layer front
$PAD ""
Shape Circle Layer both
position  5.080000  0.000000  size  1.750000  1.750000  orientation 0.00
drill  1.750000
shape_offset  0.000000  0.000000
$EndPAD
$PAD ""
Shape Circle Layer both
position -5.080000  0.000000  size  1.750000  1.750000  orientation 0.00
drill  1.750000
shape_offset  0.000000  0.000000
$EndPAD
$PAD ""
Shape Circle Layer both
position  0.000000  0.000000  size  4.000000  4.000000  orientation 0.00
drill  4.000000
shape_offset  0.000000  0.000000
$EndPAD
$PAD "2"
Shape Circle Layer both
position  2.540000 -5.080000  size  2.500000  2.500000  orientation 0.00
drill  1.500000
shape_offset  0.000000  0.000000
$EndPAD
$PAD "1"
Shape Circle Layer both
position -3.810000 -2.540000  size  2.500000  2.500000  orientation 0.00
drill  1.500000
shape_offset  0.000000  0.000000
$EndPAD
$EndMODULE  SW8

$MODULE "SW7"
reference "SW7"
value "SW_Push"
footprint "SW_Cherry_MX_PCB_1.00u"
attribut none
position 193.656000 67.672000  orientation 0.00
layer front
$PAD ""
Shape Circle Layer both
position  5.080000  0.000000  size  1.750000  1.750000  orientation 0.00
drill  1.750000
shape_offset  0.000000  0.000000
$EndPAD
$PAD ""
Shape Circle Layer both
position -5.080000  0.000000  size  1.750000  1.750000  orientation 0.00
drill  1.750000
shape_offset  0.000000  0.000000
$EndPAD
$PAD ""
Shape Circle Layer both
position  0.000000  0.000000  size  4.000000  4.000000  orientation 0.00
drill  4.000000
shape_offset  0.000000  0.000000
$EndPAD
$PAD "2"
Shape Circle Layer both
position  2.540000 -5.080000  size  2.500000  2.500000  orientation 0.00
drill  1.500000
shape_offset  0.000000  0.000000
$EndPAD
$PAD "1"
Shape Circle Layer both
position -3.810000 -2.540000  size  2.500000  2.500000  orientation 0.00
drill  1.500000
shape_offset  0.000000  0.000000
$EndPAD
$EndMODULE  SW7

$MODULE "SW6"
reference "SW6"
value "SW_Push"
footprint "SW_Cherry_MX_PCB_1.00u"
attribut none
position 174.606000 67.672000  orientation 0.00
layer front
$PAD ""
Shape Circle Layer both
position  5.080000  0.000000  size  1.750000  1.750000  orientation 0.00
drill  1.750000
shape_offset  0.000000  0.000000
$EndPAD
$PAD ""
Shape Circle Layer both
position -5.080000  0.000000  size  1.750000  1.750000  orientation 0.00
drill  1.750000
shape_offset  0.000000  0.000000
$EndPAD
$PAD ""
Shape Circle Layer both
position  0.000000  0.000000  size  4.000000  4.000000  orientation 0.00
drill  4.000000
shape_offset  0.000000  0.000000
$EndPAD
$PAD "2"
Shape Circle Layer both
position  2.540000 -5.080000  size  2.500000  2.500000  orientation 0.00
drill  1.500000
shape_offset  0.000000  0.000000
$EndPAD
$PAD "1"
Shape Circle Layer both
position -3.810000 -2.540000  size  2.500000  2.500000  orientation 0.00
drill  1.500000
shape_offset  0.000000  0.000000
$EndPAD
$EndMODULE  SW6

$MODULE "SW5"
reference "SW5"
value "SW_Push"
footprint "SW_Cherry_MX_PCB_1.00u"
attribut none
position 155.556000 67.672000  orientation 0.00
layer front
$PAD ""
Shape Circle Layer both
position  5.080000  0.000000  size  1.750000  1.750000  orientation 0.00
drill  1.750000
shape_offset  0.000000  0.000000
$EndPAD
$PAD ""
Shape Circle Layer both
position -5.080000  0.000000  size  1.750000  1.750000  orientation 0.00
drill  1.750000
shape_offset  0.000000  0.000000
$EndPAD
$PAD ""
Shape Circle Layer both
position  0.000000  0.000000  size  4.000000  4.000000  orientation 0.00
drill  4.000000
shape_offset  0.000000  0.000000
$EndPAD
$PAD "2"
Shape Circle Layer both
position  2.540000 -5.080000  size  2.500000  2.500000  orientation 0.00
drill  1.500000
shape_offset  0.000000  0.000000
$EndPAD
$PAD "1"
Shape Circle Layer both
position -3.810000 -2.540000  size  2.500000  2.500000  orientation 0.00
drill  1.500000
shape_offset  0.000000  0.000000
$EndPAD
$EndMODULE  SW5

$MODULE "SW4"
reference "SW4"
value "SW_Push"
footprint "SW_Cherry_MX_PCB_1.00u"
attribut none
position 136.506000 67.672000  orientation 0.00
layer front
$PAD ""
Shape Circle Layer both
position  5.080000  0.000000  size  1.750000  1.750000  orientation 0.00
drill  1.750000
shape_offset  0.000000  0.000000
$EndPAD
$PAD ""
Shape Circle Layer both
position -5.080000  0.000000  size  1.750000  1.750000  orientation 0.00
drill  1.750000
shape_offset  0.000000  0.000000
$EndPAD
$PAD ""
Shape Circle Layer both
position  0.000000  0.000000  size  4.000000  4.000000  orientation 0.00
drill  4.000000
shape_offset  0.000000  0.000000
$EndPAD
$PAD "2"
Shape Circle Layer both
position  2.540000 -5.080000  size  2.500000  2.500000  orientation 0.00
drill  1.500000
shape_offset  0.000000  0.000000
$EndPAD
$PAD "1"
Shape Circle Layer both
position -3.810000 -2.540000  size  2.500000  2.500000  orientation 0.00
drill  1.500000
shape_offset  0.000000  0.000000
$EndPAD
$EndMODULE  SW4

$MODULE "SW33"
reference "SW33"
value "SW_Push"
footprint "SW_Cherry_MX_PCB_2.25u"
attribut none
position 181.749750 143.872000  orientation 0.00
layer front
$PAD ""
Shape Circle Layer both
position  5.080000  0.000000  size  1.750000  1.750000  orientation 0.00
drill  1.750000
shape_offset  0.000000  0.000000
$EndPAD
$PAD ""
Shape Circle Layer both
position -5.080000  0.000000  size  1.750000  1.750000  orientation 0.00
drill  1.750000
shape_offset  0.000000  0.000000
$EndPAD
$PAD ""
Shape Circle Layer both
position  0.000000  0.000000  size  4.000000  4.000000  orientation 0.00
drill  4.000000
shape_offset  0.000000  0.000000
$EndPAD
$PAD "2"
Shape Circle Layer both
position  2.540000 -5.080000  size  2.500000  2.500000  orientation 0.00
drill  1.500000
shape_offset  0.000000  0.000000
$EndPAD
$PAD "1"
Shape Circle Layer both
position -3.810000 -2.540000  size  2.500000  2.500000  orientation 0.00
drill  1.500000
shape_offset  0.000000  0.000000
$EndPAD
$EndMODULE  SW33

$MODULE "SW32"
reference "SW32"
value "SW_Push"
footprint "SW_Cherry_MX_PCB_1.00u"
attribut none
position 150.793500 143.872000  orientation 0.00
layer front
$PAD ""
Shape Circle Layer both
position  5.080000  0.000000  size  1.750000  1.750000  orientation 0.00
drill  1.750000
shape_offset  0.000000  0.000000
$EndPAD
$PAD ""
Shape Circle Layer both
position -5.080000  0.000000  size  1.750000  1.750000  orientation 0.00
drill  1.750000
shape_offset  0.000000  0.000000
$EndPAD
$PAD ""
Shape Circle Layer both
position  0.000000  0.000000  size  4.000000  4.000000  orientation 0.00
drill  4.000000
shape_offset  0.000000  0.000000
$EndPAD
$PAD "2"
Shape Circle Layer both
position  2.540000 -5.080000  size  2.500000  2.500000  orientation 0.00
drill  1.500000
shape_offset  0.000000  0.000000
$EndPAD
$PAD "1"
Shape Circle Layer both
position -3.810000 -2.540000  size  2.500000  2.500000  orientation 0.00
drill  1.500000
shape_offset  0.000000  0.000000
$EndPAD
$EndMODULE  SW32

$MODULE "SW31"
reference "SW31"
value "SW_Push"
footprint "SW_Cherry_MX_PCB_1.25u"
attribut none
position 129.362250 143.872000  orientation 0.00
layer front
$PAD ""
Shape Circle Layer both
position  5.080000  0.000000  size  1.750000  1.750000  orientation 0.00
drill  1.750000
shape_offset  0.000000  0.000000
$EndPAD
$PAD ""
Shape Circle Layer both
position -5.080000  0.000000  size  1.750000  1.750000  orientation 0.00
drill  1.750000
shape_offset  0.000000  0.000000
$EndPAD
$PAD ""
Shape Circle Layer both
position  0.000000  0.000000  size  4.000000  4.000000  orientation 0.00
drill  4.000000
shape_offset  0.000000  0.000000
$EndPAD
$PAD "2"
Shape Circle Layer both
position  2.540000 -5.080000  size  2.500000  2.500000  orientation 0.00
drill  1.500000
shape_offset  0.000000  0.000000
$EndPAD
$PAD "1"
Shape Circle Layer both
position -3.810000 -2.540000  size  2.500000  2.500000  orientation 0.00
drill  1.500000
shape_offset  0.000000  0.000000
$EndPAD
$EndMODULE  SW31

$MODULE "SW30"
reference "SW30"
value "SW_Push"
footprint "SW_Cherry_MX_PCB_1.25u"
attribut none
position 105.549750 143.872000  orientation 0.00
layer front
$PAD ""
Shape Circle Layer both
position  5.080000  0.000000  size  1.750000  1.750000  orientation 0.00
drill  1.750000
shape_offset  0.000000  0.000000
$EndPAD
$PAD ""
Shape Circle Layer both
position -5.080000  0.000000  size  1.750000  1.750000  orientation 0.00
drill  1.750000
shape_offset  0.000000  0.000000
$EndPAD
$PAD ""
Shape Circle Layer both
position  0.000000  0.000000  size  4.000000  4.000000  orientation 0.00
drill  4.000000
shape_offset  0.000000  0.000000
$EndPAD
$PAD "2"
Shape Circle Layer both
position  2.540000 -5.080000  size  2.500000  2.500000  orientation 0.00
drill  1.500000
shape_offset  0.000000  0.000000
$EndPAD
$PAD "1"
Shape Circle Layer both
position -3.810000 -2.540000  size  2.500000  2.500000  orientation 0.00
drill  1.500000
shape_offset  0.000000  0.000000
$EndPAD
$EndMODULE  SW30

$MODULE "SW3"
reference "SW3"
value "SW_Push"
footprint "SW_Cherry_MX_PCB_1.00u"
attribut none
position 117.456000 67.672000  orientation 0.00
layer front
$PAD ""
Shape Circle Layer both
position  5.080000  0.000000  size  1.750000  1.750000  orientation 0.00
drill  1.750000
shape_offset  0.000000  0.000000
$EndPAD
$PAD ""
Shape Circle Layer both
position -5.080000  0.000000  size  1.750000  1.750000  orientation 0.00
drill  1.750000
shape_offset  0.000000  0.000000
$EndPAD
$PAD ""
Shape Circle Layer both
position  0.000000  0.000000  size  4.000000  4.000000  orientation 0.00
drill  4.000000
shape_offset  0.000000  0.000000
$EndPAD
$PAD "2"
Shape Circle Layer both
position  2.540000 -5.080000  size  2.500000  2.500000  orientation 0.00
drill  1.500000
shape_offset  0.000000  0.000000
$EndPAD
$PAD "1"
Shape Circle Layer both
position -3.810000 -2.540000  size  2.500000  2.500000  orientation 0.00
drill  1.500000
shape_offset  0.000000  0.000000
$EndPAD
$EndMODULE  SW3

$MODULE "SW29"
reference "SW29"
value "SW_Push"
footprint "SW_Cherry_MX_PCB_1.25u"
attribut none
position 81.737250 143.872000  orientation 0.00
layer front
$PAD ""
Shape Circle Layer both
position  5.080000  0.000000  size  1.750000  1.750000  orientation 0.00
drill  1.750000
shape_offset  0.000000  0.000000
$EndPAD
$PAD ""
Shape Circle Layer both
position -5.080000  0.000000  size  1.750000  1.750000  orientation 0.00
drill  1.750000
shape_offset  0.000000  0.000000
$EndPAD
$PAD ""
Shape Circle Layer both
position  0.000000  0.000000  size  4.000000  4.000000  orientation 0.00
drill  4.000000
shape_offset  0.000000  0.000000
$EndPAD
$PAD "2"
Shape Circle Layer both
position  2.540000 -5.080000  size  2.500000  2.500000  orientation 0.00
drill  1.500000
shape_offset  0.000000  0.000000
$EndPAD
$PAD "1"
Shape Circle Layer both
position -3.810000 -2.540000  size  2.500000  2.500000  orientation 0.00
drill  1.500000
shape_offset  0.000000  0.000000
$EndPAD
$EndMODULE  SW29

$MODULE "SW28"
reference "SW28"
value "SW_Push"
footprint "SW_Cherry_MX_PCB_1.00u"
attribut none
position 198.418500 124.822000  orientation 0.00
layer front
$PAD ""
Shape Circle Layer both
position  5.080000  0.000000  size  1.750000  1.750000  orientation 0.00
drill  1.750000
shape_offset  0.000000  0.000000
$EndPAD
$PAD ""
Shape Circle Layer both
position -5.080000  0.000000  size  1.750000  1.750000  orientation 0.00
drill  1.750000
shape_offset  0.000000  0.000000
$EndPAD
$PAD ""
Shape Circle Layer both
position  0.000000  0.000000  size  4.000000  4.000000  orientation 0.00
drill  4.000000
shape_offset  0.000000  0.000000
$EndPAD
$PAD "2"
Shape Circle Layer both
position  2.540000 -5.080000  size  2.500000  2.500000  orientation 0.00
drill  1.500000
shape_offset  0.000000  0.000000
$EndPAD
$PAD "1"
Shape Circle Layer both
position -3.810000 -2.540000  size  2.500000  2.500000  orientation 0.00
drill  1.500000
shape_offset  0.000000  0.000000
$EndPAD
$EndMODULE  SW28

$MODULE "SW27"
reference "SW27"
value "SW_Push"
footprint "SW_Cherry_MX_PCB_1.00u"
attribut none
position 179.368500 124.822000  orientation 0.00
layer front
$PAD ""
Shape Circle Layer both
position  5.080000  0.000000  size  1.750000  1.750000  orientation 0.00
drill  1.750000
shape_offset  0.000000  0.000000
$EndPAD
$PAD ""
Shape Circle Layer both
position -5.080000  0.000000  size  1.750000  1.750000  orientation 0.00
drill  1.750000
shape_offset  0.000000  0.000000
$EndPAD
$PAD ""
Shape Circle Layer both
position  0.000000  0.000000  size  4.000000  4.000000  orientation 0.00
drill  4.000000
shape_offset  0.000000  0.000000
$EndPAD
$PAD "2"
Shape Circle Layer both
position  2.540000 -5.080000  size  2.500000  2.500000  orientation 0.00
drill  1.500000
shape_offset  0.000000  0.000000
$EndPAD
$PAD "1"
Shape Circle Layer both
position -3.810000 -2.540000  size  2.500000  2.500000  orientation 0.00
drill  1.500000
shape_offset  0.000000  0.000000
$EndPAD
$EndMODULE  SW27

$MODULE "SW26"
reference "SW26"
value "SW_Push"
footprint "SW_Cherry_MX_PCB_1.00u"
attribut none
position 160.318500 124.822000  orientation 0.00
layer front
$PAD ""
Shape Circle Layer both
position  5.080000  0.000000  size  1.750000  1.750000  orientation 0.00
drill  1.750000
shape_offset  0.000000  0.000000
$EndPAD
$PAD ""
Shape Circle Layer both
position -5.080000  0.000000  size  1.750000  1.750000  orientation 0.00
drill  1.750000
shape_offset  0.000000  0.000000
$EndPAD
$PAD ""
Shape Circle Layer both
position  0.000000  0.000000  size  4.000000  4.000000  orientation 0.00
drill  4.000000
shape_offset  0.000000  0.000000
$EndPAD
$PAD "2"
Shape Circle Layer both
position  2.540000 -5.080000  size  2.500000  2.500000  orientation 0.00
drill  1.500000
shape_offset  0.000000  0.000000
$EndPAD
$PAD "1"
Shape Circle Layer both
position -3.810000 -2.540000  size  2.500000  2.500000  orientation 0.00
drill  1.500000
shape_offset  0.000000  0.000000
$EndPAD
$EndMODULE  SW26

$MODULE "SW25"
reference "SW25"
value "SW_Push"
footprint "SW_Cherry_MX_PCB_1.00u"
attribut none
position 141.268500 124.822000  orientation 0.00
layer front
$PAD ""
Shape Circle Layer both
position  5.080000  0.000000  size  1.750000  1.750000  orientation 0.00
drill  1.750000
shape_offset  0.000000  0.000000
$EndPAD
$PAD ""
Shape Circle Layer both
position -5.080000  0.000000  size  1.750000  1.750000  orientation 0.00
drill  1.750000
shape_offset  0.000000  0.000000
$EndPAD
$PAD ""
Shape Circle Layer both
position  0.000000  0.000000  size  4.000000  4.000000  orientation 0.00
drill  4.000000
shape_offset  0.000000  0.000000
$EndPAD
$PAD "2"
Shape Circle Layer both
position  2.540000 -5.080000  size  2.500000  2.500000  orientation 0.00
drill  1.500000
shape_offset  0.000000  0.000000
$EndPAD
$PAD "1"
Shape Circle Layer both
position -3.810000 -2.540000  size  2.500000  2.500000  orientation 0.00
drill  1.500000
shape_offset  0.000000  0.000000
$EndPAD
$EndMODULE  SW25

$MODULE "SW24"
reference "SW24"
value "SW_Push"
footprint "SW_Cherry_MX_PCB_1.00u"
attribut none
position 122.218500 124.822000  orientation 0.00
layer front
$PAD ""
Shape Circle Layer both
position  5.080000  0.000000  size  1.750000  1.750000  orientation 0.00
drill  1.750000
shape_offset  0.000000  0.000000
$EndPAD
$PAD ""
Shape Circle Layer both
position -5.080000  0.000000  size  1.750000  1.750000  orientation 0.00
drill  1.750000
shape_offset  0.000000  0.000000
$EndPAD
$PAD ""
Shape Circle Layer both
position  0.000000  0.000000  size  4.000000  4.000000  orientation 0.00
drill  4.000000
shape_offset  0.000000  0.000000
$EndPAD
$PAD "2"
Shape Circle Layer both
position  2.540000 -5.080000  size  2.500000  2.500000  orientation 0.00
drill  1.500000
shape_offset  0.000000  0.000000
$EndPAD
$PAD "1"
Shape Circle Layer both
position -3.810000 -2.540000  size  2.500000  2.500000  orientation 0.00
drill  1.500000
shape_offset  0.000000  0.000000
$EndPAD
$EndMODULE  SW24

$MODULE "SW23"
reference "SW23"
value "SW_Push"
footprint "SW_Cherry_MX_PCB_1.00u"
attribut none
position 103.168500 124.822000  orientation 0.00
layer front
$PAD ""
Shape Circle Layer both
position  5.080000  0.000000  size  1.750000  1.750000  orientation 0.00
drill  1.750000
shape_offset  0.000000  0.000000
$EndPAD
$PAD ""
Shape Circle Layer both
position -5.080000  0.000000  size  1.750000  1.750000  orientation 0.00
drill  1.750000
shape_offset  0.000000  0.000000
$EndPAD
$PAD ""
Shape Circle Layer both
position  0.000000  0.000000  size  4.000000  4.000000  orientation 0.00
drill  4.000000
shape_offset  0.000000  0.000000
$EndPAD
$PAD "2"
Shape Circle Layer both
position  2.540000 -5.080000  size  2.500000  2.500000  orientation 0.00
drill  1.500000
shape_offset  0.000000  0.000000
$EndPAD
$PAD "1"
Shape Circle Layer both
position -3.810000 -2.540000  size  2.500000  2.500000  orientation 0.00
drill  1.500000
shape_offset  0.000000  0.000000
$EndPAD
$EndMODULE  SW23

$MODULE "SW22"
reference "SW22"
value "SW_Push"
footprint "SW_Cherry_MX_PCB_1.25u"
attribut none
position 81.737250 124.822000  orientation 0.00
layer front
$PAD ""
Shape Circle Layer both
position  5.080000  0.000000  size  1.750000  1.750000  orientation 0.00
drill  1.750000
shape_offset  0.000000  0.000000
$EndPAD
$PAD ""
Shape Circle Layer both
position -5.080000  0.000000  size  1.750000  1.750000  orientation 0.00
drill  1.750000
shape_offset  0.000000  0.000000
$EndPAD
$PAD ""
Shape Circle Layer both
position  0.000000  0.000000  size  4.000000  4.000000  orientation 0.00
drill  4.000000
shape_offset  0.000000  0.000000
$EndPAD
$PAD "2"
Shape Circle Layer both
position  2.540000 -5.080000  size  2.500000  2.500000  orientation 0.00
drill  1.500000
shape_offset  0.000000  0.000000
$EndPAD
$PAD "1"
Shape Circle Layer both
position -3.810000 -2.540000  size  2.500000  2.500000  orientation 0.00
drill  1.500000
shape_offset  0.000000  0.000000
$EndPAD
$EndMODULE  SW22

$MODULE "SW21"
reference "SW21"
value "SW_Push"
footprint "SW_Cherry_MX_PCB_1.00u"
attribut none
position 207.943500 105.772000  orientation 0.00
layer front
$PAD ""
Shape Circle Layer both
position  5.080000  0.000000  size  1.750000  1.750000  orientation 0.00
drill  1.750000
shape_offset  0.000000  0.000000
$EndPAD
$PAD ""
Shape Circle Layer both
position -5.080000  0.000000  size  1.750000  1.750000  orientation 0.00
drill  1.750000
shape_offset  0.000000  0.000000
$EndPAD
$PAD ""
Shape Circle Layer both
position  0.000000  0.000000  size  4.000000  4.000000  orientation 0.00
drill  4.000000
shape_offset  0.000000  0.000000
$EndPAD
$PAD "2"
Shape Circle Layer both
position  2.540000 -5.080000  size  2.500000  2.500000  orientation 0.00
drill  1.500000
shape_offset  0.000000  0.000000
$EndPAD
$PAD "1"
Shape Circle Layer both
position -3.810000 -2.540000  size  2.500000  2.500000  orientation 0.00
drill  1.500000
shape_offset  0.000000  0.000000
$EndPAD
$EndMODULE  SW21

$MODULE "SW20"
reference "SW20"
value "SW_Push"
footprint "SW_Cherry_MX_PCB_1.00u"
attribut none
position 188.893500 105.772000  orientation 0.00
layer front
$PAD ""
Shape Circle Layer both
position  5.080000  0.000000  size  1.750000  1.750000  orientation 0.00
drill  1.750000
shape_offset  0.000000  0.000000
$EndPAD
$PAD ""
Shape Circle Layer both
position -5.080000  0.000000  size  1.750000  1.750000  orientation 0.00
drill  1.750000
shape_offset  0.000000  0.000000
$EndPAD
$PAD ""
Shape Circle Layer both
position  0.000000  0.000000  size  4.000000  4.000000  orientation 0.00
drill  4.000000
shape_offset  0.000000  0.000000
$EndPAD
$PAD "2"
Shape Circle Layer both
position  2.540000 -5.080000  size  2.500000  2.500000  orientation 0.00
drill  1.500000
shape_offset  0.000000  0.000000
$EndPAD
$PAD "1"
Shape Circle Layer both
position -3.810000 -2.540000  size  2.500000  2.500000  orientation 0.00
drill  1.500000
shape_offset  0.000000  0.000000
$EndPAD
$EndMODULE  SW20

$MODULE "SW2"
reference "SW2"
value "SW_Push"
footprint "SW_Cherry_MX_PCB_1.00u"
attribut none
position 98.406000 67.672000  orientation 0.00
layer front
$PAD ""
Shape Circle Layer both
position  5.080000  0.000000  size  1.750000  1.750000  orientation 0.00
drill  1.750000
shape_offset  0.000000  0.000000
$EndPAD
$PAD ""
Shape Circle Layer both
position -5.080000  0.000000  size  1.750000  1.750000  orientation 0.00
drill  1.750000
shape_offset  0.000000  0.000000
$EndPAD
$PAD ""
Shape Circle Layer both
position  0.000000  0.000000  size  4.000000  4.000000  orientation 0.00
drill  4.000000
shape_offset  0.000000  0.000000
$EndPAD
$PAD "2"
Shape Circle Layer both
position  2.540000 -5.080000  size  2.500000  2.500000  orientation 0.00
drill  1.500000
shape_offset  0.000000  0.000000
$EndPAD
$PAD "1"
Shape Circle Layer both
position -3.810000 -2.540000  size  2.500000  2.500000  orientation 0.00
drill  1.500000
shape_offset  0.000000  0.000000
$EndPAD
$EndMODULE  SW2

$MODULE "SW19"
reference "SW19"
value "SW_Push"
footprint "SW_Cherry_MX_PCB_1.00u"
attribut none
position 169.843500 105.772000  orientation 0.00
layer front
$PAD ""
Shape Circle Layer both
position  5.080000  0.000000  size  1.750000  1.750000  orientation 0.00
drill  1.750000
shape_offset  0.000000  0.000000
$EndPAD
$PAD ""
Shape Circle Layer both
position -5.080000  0.000000  size  1.750000  1.750000  orientation 0.00
drill  1.750000
shape_offset  0.000000  0.000000
$EndPAD
$PAD ""
Shape Circle Layer both
position  0.000000  0.000000  size  4.000000  4.000000  orientation 0.00
drill  4.000000
shape_offset  0.000000  0.000000
$EndPAD
$PAD "2"
Shape Circle Layer both
position  2.540000 -5.080000  size  2.500000  2.500000  orientation 0.00
drill  1.500000
shape_offset  0.000000  0.000000
$EndPAD
$PAD "1"
Shape Circle Layer both
position -3.810000 -2.540000  size  2.500000  2.500000  orientation 0.00
drill  1.500000
shape_offset  0.000000  0.000000
$EndPAD
$EndMODULE  SW19

$MODULE "SW18"
reference "SW18"
value "SW_Push"
footprint "SW_Cherry_MX_PCB_1.00u"
attribut none
position 150.793500 105.772000  orientation 0.00
layer front
$PAD ""
Shape Circle Layer both
position  5.080000  0.000000  size  1.750000  1.750000  orientation 0.00
drill  1.750000
shape_offset  0.000000  0.000000
$EndPAD
$PAD ""
Shape Circle Layer both
position -5.080000  0.000000  size  1.750000  1.750000  orientation 0.00
drill  1.750000
shape_offset  0.000000  0.000000
$EndPAD
$PAD ""
Shape Circle Layer both
position  0.000000  0.000000  size  4.000000  4.000000  orientation 0.00
drill  4.000000
shape_offset  0.000000  0.000000
$EndPAD
$PAD "2"
Shape Circle Layer both
position  2.540000 -5.080000  size  2.500000  2.500000  orientation 0.00
drill  1.500000
shape_offset  0.000000  0.000000
$EndPAD
$PAD "1"
Shape Circle Layer both
position -3.810000 -2.540000  size  2.500000  2.500000  orientation 0.00
drill  1.500000
shape_offset  0.000000  0.000000
$EndPAD
$EndMODULE  SW18

$MODULE "SW17"
reference "SW17"
value "SW_Push"
footprint "SW_Cherry_MX_PCB_1.00u"
attribut none
position 131.743500 105.772000  orientation 0.00
layer front
$PAD ""
Shape Circle Layer both
position  5.080000  0.000000  size  1.750000  1.750000  orientation 0.00
drill  1.750000
shape_offset  0.000000  0.000000
$EndPAD
$PAD ""
Shape Circle Layer both
position -5.080000  0.000000  size  1.750000  1.750000  orientation 0.00
drill  1.750000
shape_offset  0.000000  0.000000
$EndPAD
$PAD ""
Shape Circle Layer both
position  0.000000  0.000000  size  4.000000  4.000000  orientation 0.00
drill  4.000000
shape_offset  0.000000  0.000000
$EndPAD
$PAD "2"
Shape Circle Layer both
position  2.540000 -5.080000  size  2.500000  2.500000  orientation 0.00
drill  1.500000
shape_offset  0.000000  0.000000
$EndPAD
$PAD "1"
Shape Circle Layer both
position -3.810000 -2.540000  size  2.500000  2.500000  orientation 0.00
drill  1.500000
shape_offset  0.000000  0.000000
$EndPAD
$EndMODULE  SW17

$MODULE "SW16"
reference "SW16"
value "SW_Push"
footprint "SW_Cherry_MX_PCB_1.00u"
attribut none
position 112.693500 105.772000  orientation 0.00
layer front
$PAD ""
Shape Circle Layer both
position  5.080000  0.000000  size  1.750000  1.750000  orientation 0.00
drill  1.750000
shape_offset  0.000000  0.000000
$EndPAD
$PAD ""
Shape Circle Layer both
position -5.080000  0.000000  size  1.750000  1.750000  orientation 0.00
drill  1.750000
shape_offset  0.000000  0.000000
$EndPAD
$PAD ""
Shape Circle Layer both
position  0.000000  0.000000  size  4.000000  4.000000  orientation 0.00
drill  4.000000
shape_offset  0.000000  0.000000
$EndPAD
$PAD "2"
Shape Circle Layer both
position  2.540000 -5.080000  size  2.500000  2.500000  orientation 0.00
drill  1.500000
shape_offset  0.000000  0.000000
$EndPAD
$PAD "1"
Shape Circle Layer both
position -3.810000 -2.540000  size  2.500000  2.500000  orientation 0.00
drill  1.500000
shape_offset  0.000000  0.000000
$EndPAD
$EndMODULE  SW16

$MODULE "SW15"
reference "SW15"
value "SW_Push"
footprint "SW_Cherry_MX_PCB_1.75u"
attribut none
position 86.499750 105.772000  orientation 0.00
layer front
$PAD ""
Shape Circle Layer both
position  5.080000  0.000000  size  1.750000  1.750000  orientation 0.00
drill  1.750000
shape_offset  0.000000  0.000000
$EndPAD
$PAD ""
Shape Circle Layer both
position -5.080000  0.000000  size  1.750000  1.750000  orientation 0.00
drill  1.750000
shape_offset  0.000000  0.000000
$EndPAD
$PAD ""
Shape Circle Layer both
position  0.000000  0.000000  size  4.000000  4.000000  orientation 0.00
drill  4.000000
shape_offset  0.000000  0.000000
$EndPAD
$PAD "2"
Shape Circle Layer both
position  2.540000 -5.080000  size  2.500000  2.500000  orientation 0.00
drill  1.500000
shape_offset  0.000000  0.000000
$EndPAD
$PAD "1"
Shape Circle Layer both
position -3.810000 -2.540000  size  2.500000  2.500000  orientation 0.00
drill  1.500000
shape_offset  0.000000  0.000000
$EndPAD
$EndMODULE  SW15

$MODULE "SW14"
reference "SW14"
value "SW_Push"
footprint "SW_Cherry_MX_PCB_1.00u"
attribut none
position 203.181000 86.722000  orientation 0.00
layer front
$PAD ""
Shape Circle Layer both
position  5.080000  0.000000  size  1.750000  1.750000  orientation 0.00
drill  1.750000
shape_offset  0.000000  0.000000
$EndPAD
$PAD ""
Shape Circle Layer both
position -5.080000  0.000000  size  1.750000  1.750000  orientation 0.00
drill  1.750000
shape_offset  0.000000  0.000000
$EndPAD
$PAD ""
Shape Circle Layer both
position  0.000000  0.000000  size  4.000000  4.000000  orientation 0.00
drill  4.000000
shape_offset  0.000000  0.000000
$EndPAD
$PAD "2"
Shape Circle Layer both
position  2.540000 -5.080000  size  2.500000  2.500000  orientation 0.00
drill  1.500000
shape_offset  0.000000  0.000000
$EndPAD
$PAD "1"
Shape Circle Layer both
position -3.810000 -2.540000  size  2.500000  2.500000  orientation 0.00
drill  1.500000
shape_offset  0.000000  0.000000
$EndPAD
$EndMODULE  SW14

$MODULE "SW13"
reference "SW13"
value "SW_Push"
footprint "SW_Cherry_MX_PCB_1.00u"
attribut none
position 184.131000 86.722000  orientation 0.00
layer front
$PAD ""
Shape Circle Layer both
position  5.080000  0.000000  size  1.750000  1.750000  orientation 0.00
drill  1.750000
shape_offset  0.000000  0.000000
$EndPAD
$PAD ""
Shape Circle Layer both
position -5.080000  0.000000  size  1.750000  1.750000  orientation 0.00
drill  1.750000
shape_offset  0.000000  0.000000
$EndPAD
$PAD ""
Shape Circle Layer both
position  0.000000  0.000000  size  4.000000  4.000000  orientation 0.00
drill  4.000000
shape_offset  0.000000  0.000000
$EndPAD
$PAD "2"
Shape Circle Layer both
position  2.540000 -5.080000  size  2.500000  2.500000  orientation 0.00
drill  1.500000
shape_offset  0.000000  0.000000
$EndPAD
$PAD "1"
Shape Circle Layer both
position -3.810000 -2.540000  size  2.500000  2.500000  orientation 0.00
drill  1.500000
shape_offset  0.000000  0.000000
$EndPAD
$EndMODULE  SW13

$MODULE "SW12"
reference "SW12"
value "SW_Push"
footprint "SW_Cherry_MX_PCB_1.00u"
attribut none
position 165.081000 86.722000  orientation 0.00
layer front
$PAD ""
Shape Circle Layer both
position  5.080000  0.000000  size  1.750000  1.750000  orientation 0.00
drill  1.750000
shape_offset  0.000000  0.000000
$EndPAD
$PAD ""
Shape Circle Layer both
position -5.080000  0.000000  size  1.750000  1.750000  orientation 0.00
drill  1.750000
shape_offset  0.000000  0.000000
$EndPAD
$PAD ""
Shape Circle Layer both
position  0.000000  0.000000  size  4.000000  4.000000  orientation 0.00
drill  4.000000
shape_offset  0.000000  0.000000
$EndPAD
$PAD "2"
Shape Circle Layer both
position  2.540000 -5.080000  size  2.500000  2.500000  orientation 0.00
drill  1.500000
shape_offset  0.000000  0.000000
$EndPAD
$PAD "1"
Shape Circle Layer both
position -3.810000 -2.540000  size  2.500000  2.500000  orientation 0.00
drill  1.500000
shape_offset  0.000000  0.000000
$EndPAD
$EndMODULE  SW12

$MODULE "SW11"
reference "SW11"
value "SW_Push"
footprint "SW_Cherry_MX_PCB_1.00u"
attribut none
position 146.031000 86.722000  orientation 0.00
layer front
$PAD ""
Shape Circle Layer both
position  5.080000  0.000000  size  1.750000  1.750000  orientation 0.00
drill  1.750000
shape_offset  0.000000  0.000000
$EndPAD
$PAD ""
Shape Circle Layer both
position -5.080000  0.000000  size  1.750000  1.750000  orientation 0.00
drill  1.750000
shape_offset  0.000000  0.000000
$EndPAD
$PAD ""
Shape Circle Layer both
position  0.000000  0.000000  size  4.000000  4.000000  orientation 0.00
drill  4.000000
shape_offset  0.000000  0.000000
$EndPAD
$PAD "2"
Shape Circle Layer both
position  2.540000 -5.080000  size  2.500000  2.500000  orientation 0.00
drill  1.500000
shape_offset  0.000000  0.000000
$EndPAD
$PAD "1"
Shape Circle Layer both
position -3.810000 -2.540000  size  2.500000  2.500000  orientation 0.00
drill  1.500000
shape_offset  0.000000  0.000000
$EndPAD
$EndMODULE  SW11

$MODULE "SW10"
reference "SW10"
value "SW_Push"
footprint "SW_Cherry_MX_PCB_1.00u"
attribut none
position 126.981000 86.722000  orientation 0.00
layer front
$PAD ""
Shape Circle Layer both
position  5.080000  0.000000  size  1.750000  1.750000  orientation 0.00
drill  1.750000
shape_offset  0.000000  0.000000
$EndPAD
$PAD ""
Shape Circle Layer both
position -5.080000  0.000000  size  1.750000  1.750000  orientation 0.00
drill  1.750000
shape_offset  0.000000  0.000000
$EndPAD
$PAD ""
Shape Circle Layer both
position  0.000000  0.000000  size  4.000000  4.000000  orientation 0.00
drill  4.000000
shape_offset  0.000000  0.000000
$EndPAD
$PAD "2"
Shape Circle Layer both
position  2.540000 -5.080000  size  2.500000  2.500000  orientation 0.00
drill  1.500000
shape_offset  0.000000  0.000000
$EndPAD
$PAD "1"
Shape Circle Layer both
position -3.810000 -2.540000  size  2.500000  2.500000  orientation 0.00
drill  1.500000
shape_offset  0.000000  0.000000
$EndPAD
$EndMODULE  SW10

$MODULE "SW1"
reference "SW1"
value "SW_Push"
footprint "SW_Cherry_MX_PCB_1.00u"
attribut none
position 79.356000 67.672000  orientation 0.00
layer front
$PAD ""
Shape Circle Layer both
position  5.080000  0.000000  size  1.750000  1.750000  orientation 0.00
drill  1.750000
shape_offset  0.000000  0.000000
$EndPAD
$PAD ""
Shape Circle Layer both
position -5.080000  0.000000  size  1.750000  1.750000  orientation 0.00
drill  1.750000
shape_offset  0.000000  0.000000
$EndPAD
$PAD ""
Shape Circle Layer both
position  0.000000  0.000000  size  4.000000  4.000000  orientation 0.00
drill  4.000000
shape_offset  0.000000  0.000000
$EndPAD
$PAD "2"
Shape Circle Layer both
position  2.540000 -5.080000  size  2.500000  2.500000  orientation 0.00
drill  1.500000
shape_offset  0.000000  0.000000
$EndPAD
$PAD "1"
Shape Circle Layer both
position -3.810000 -2.540000  size  2.500000  2.500000  orientation 0.00
drill  1.500000
shape_offset  0.000000  0.000000
$EndPAD
$EndMODULE  SW1

$MODULE "ST33"
reference "ST33"
value "MountingHole"
footprint "Stabilizer_Cherry_MX_2u"
attribut virtual
position 181.749750 143.872000  orientation 0.00
layer front
$PAD "~"
Shape Circle Layer both
position 11.938000 -6.985000  size  3.048000  3.048000  orientation 0.00
drill  3.048000
shape_offset  0.000000  0.000000
$EndPAD
$PAD "~"
Shape Circle Layer both
position -11.938000 -6.985000  size  3.048000  3.048000  orientation 0.00
drill  3.048000
shape_offset  0.000000  0.000000
$EndPAD
$PAD "~"
Shape Circle Layer both
position 11.938000  8.255000  size  3.987800  3.987800  orientation 0.00
drill  3.987800
shape_offset  0.000000  0.000000
$EndPAD
$PAD "~"
Shape Circle Layer both
position -11.938000  8.255000  size  3.987800  3.987800  orientation 0.00
drill  3.987800
shape_offset  0.000000  0.000000
$EndPAD
$EndMODULE  ST33

$MODULE "D9"
reference "D9"
value "D"
footprint "D_SOD-323F"
attribut smd
position 113.011000 89.752000  orientation 90.00
layer back
$PAD "2"
Shape Rect Layer back
position  1.100000  0.000000  size  0.500000  0.500000  orientation 0.00
drill  0.000000
shape_offset  0.000000  0.000000
$EndPAD
$PAD "1"
Shape Rect Layer back
position -1.100000  0.000000  size  0.500000  0.500000  orientation 0.00
drill  0.000000
shape_offset  0.000000  0.000000
$EndPAD
$EndMODULE  D9

$MODULE "D8"
reference "D8"
value "D"
footprint "D_SOD-323F"
attribut smd
position 89.198500 89.752000  orientation 90.00
layer back
$PAD "2"
Shape Rect Layer back
position  1.100000  0.000000  size  0.500000  0.500000  orientation 0.00
drill  0.000000
shape_offset  0.000000  0.000000
$EndPAD
$PAD "1"
Shape Rect Layer back
position -1.100000  0.000000  size  0.500000  0.500000  orientation 0.00
drill  0.000000
shape_offset  0.000000  0.000000
$EndPAD
$EndMODULE  D8

$MODULE "D7"
reference "D7"
value "D"
footprint "D_SOD-323F"
attribut smd
position 198.736000 70.702000  orientation 90.00
layer back
$PAD "2"
Shape Rect Layer back
position  1.100000  0.000000  size  0.500000  0.500000  orientation 0.00
drill  0.000000
shape_offset  0.000000  0.000000
$EndPAD
$PAD "1"
Shape Rect Layer back
position -1.100000  0.000000  size  0.500000  0.500000  orientation 0.00
drill  0.000000
shape_offset  0.000000  0.000000
$EndPAD
$EndMODULE  D7

$MODULE "D6"
reference "D6"
value "D"
footprint "D_SOD-323F"
attribut smd
position 179.686000 70.702000  orientation 90.00
layer back
$PAD "2"
Shape Rect Layer back
position  1.100000  0.000000  size  0.500000  0.500000  orientation 0.00
drill  0.000000
shape_offset  0.000000  0.000000
$EndPAD
$PAD "1"
Shape Rect Layer back
position -1.100000  0.000000  size  0.500000  0.500000  orientation 0.00
drill  0.000000
shape_offset  0.000000  0.000000
$EndPAD
$EndMODULE  D6

$MODULE "D5"
reference "D5"
value "D"
footprint "D_SOD-323F"
attribut smd
position 160.636000 70.702000  orientation 90.00
layer back
$PAD "2"
Shape Rect Layer back
position  1.100000  0.000000  size  0.500000  0.500000  orientation 0.00
drill  0.000000
shape_offset  0.000000  0.000000
$EndPAD
$PAD "1"
Shape Rect Layer back
position -1.100000  0.000000  size  0.500000  0.500000  orientation 0.00
drill  0.000000
shape_offset  0.000000  0.000000
$EndPAD
$EndMODULE  D5

$MODULE "D4"
reference "D4"
value "D"
footprint "D_SOD-323F"
attribut smd
position 141.586000 70.702000  orientation 90.00
layer back
$PAD "2"
Shape Rect Layer back
position  1.100000  0.000000  size  0.500000  0.500000  orientation 0.00
drill  0.000000
shape_offset  0.000000  0.000000
$EndPAD
$PAD "1"
Shape Rect Layer back
position -1.100000  0.000000  size  0.500000  0.500000  orientation 0.00
drill  0.000000
shape_offset  0.000000  0.000000
$EndPAD
$EndMODULE  D4

$MODULE "D33"
reference "D33"
value "D"
footprint "D_SOD-323F"
attribut smd
position 186.829750 146.902000  orientation 90.00
layer back
$PAD "2"
Shape Rect Layer back
position  1.100000  0.000000  size  0.500000  0.500000  orientation 0.00
drill  0.000000
shape_offset  0.000000  0.000000
$EndPAD
$PAD "1"
Shape Rect Layer back
position -1.100000  0.000000  size  0.500000  0.500000  orientation 0.00
drill  0.000000
shape_offset  0.000000  0.000000
$EndPAD
$EndMODULE  D33

$MODULE "D32"
reference "D32"
value "D"
footprint "D_SOD-323F"
attribut smd
position 155.873500 146.902000  orientation 90.00
layer back
$PAD "2"
Shape Rect Layer back
position  1.100000  0.000000  size  0.500000  0.500000  orientation 0.00
drill  0.000000
shape_offset  0.000000  0.000000
$EndPAD
$PAD "1"
Shape Rect Layer back
position -1.100000  0.000000  size  0.500000  0.500000  orientation 0.00
drill  0.000000
shape_offset  0.000000  0.000000
$EndPAD
$EndMODULE  D32

$MODULE "D31"
reference "D31"
value "D"
footprint "D_SOD-323F"
attribut smd
position 134.442250 146.902000  orientation 90.00
layer back
$PAD "2"
Shape Rect Layer back
position  1.100000  0.000000  size  0.500000  0.500000  orientation 0.00
drill  0.000000
shape_offset  0.000000  0.000000
$EndPAD
$PAD "1"
Shape Rect Layer back
position -1.100000  0.000000  size  0.500000  0.500000  orientation 0.00
drill  0.000000
shape_offset  0.000000  0.000000
$EndPAD
$EndMODULE  D31

$MODULE "D30"
reference "D30"
value "D"
footprint "D_SOD-323F"
attribut smd
position 110.629750 146.902000  orientation 90.00
layer back
$PAD "2"
Shape Rect Layer back
position  1.100000  0.000000  size  0.500000  0.500000  orientation 0.00
drill  0.000000
shape_offset  0.000000  0.000000
$EndPAD
$PAD "1"
Shape Rect Layer back
position -1.100000  0.000000  size  0.500000  0.500000  orientation 0.00
drill  0.000000
shape_offset  0.000000  0.000000
$EndPAD
$EndMODULE  D30

$MODULE "D3"
reference "D3"
value "D"
footprint "D_SOD-323F"
attribut smd
position 122.536000 70.702000  orientation 90.00
layer back
$PAD "2"
Shape Rect Layer back
position  1.100000  0.000000  size  0.500000  0.500000  orientation 0.00
drill  0.000000
shape_offset  0.000000  0.000000
$EndPAD
$PAD "1"
Shape Rect Layer back
position -1.100000  0.000000  size  0.500000  0.500000  orientation 0.00
drill  0.000000
shape_offset  0.000000  0.000000
$EndPAD
$EndMODULE  D3

$MODULE "D29"
reference "D29"
value "D"
footprint "D_SOD-323F"
attribut smd
position 86.817250 146.902000  orientation 90.00
layer back
$PAD "2"
Shape Rect Layer back
position  1.100000  0.000000  size  0.500000  0.500000  orientation 0.00
drill  0.000000
shape_offset  0.000000  0.000000
$EndPAD
$PAD "1"
Shape Rect Layer back
position -1.100000  0.000000  size  0.500000  0.500000  orientation 0.00
drill  0.000000
shape_offset  0.000000  0.000000
$EndPAD
$EndMODULE  D29

$MODULE "D28"
reference "D28"
value "D"
footprint "D_SOD-323F"
attribut smd
position 203.498500 127.852000  orientation 90.00
layer back
$PAD "2"
Shape Rect Layer back
position  1.100000  0.000000  size  0.500000  0.500000  orientation 0.00
drill  0.000000
shape_offset  0.000000  0.000000
$EndPAD
$PAD "1"
Shape Rect Layer back
position -1.100000  0.000000  size  0.500000  0.500000  orientation 0.00
drill  0.000000
shape_offset  0.000000  0.000000
$EndPAD
$EndMODULE  D28

$MODULE "D27"
reference "D27"
value "D"
footprint "D_SOD-323F"
attribut smd
position 184.448500 127.852000  orientation 90.00
layer back
$PAD "2"
Shape Rect Layer back
position  1.100000  0.000000  size  0.500000  0.500000  orientation 0.00
drill  0.000000
shape_offset  0.000000  0.000000
$EndPAD
$PAD "1"
Shape Rect Layer back
position -1.100000  0.000000  size  0.500000  0.500000  orientation 0.00
drill  0.000000
shape_offset  0.000000  0.000000
$EndPAD
$EndMODULE  D27

$MODULE "D26"
reference "D26"
value "D"
footprint "D_SOD-323F"
attribut smd
position 165.398500 127.852000  orientation 90.00
layer back
$PAD "2"
Shape Rect Layer back
position  1.100000  0.000000  size  0.500000  0.500000  orientation 0.00
drill  0.000000
shape_offset  0.000000  0.000000
$EndPAD
$PAD "1"
Shape Rect Layer back
position -1.100000  0.000000  size  0.500000  0.500000  orientation 0.00
drill  0.000000
shape_offset  0.000000  0.000000
$EndPAD
$EndMODULE  D26

$MODULE "D25"
reference "D25"
value "D"
footprint "D_SOD-323F"
attribut smd
position 146.348500 127.852000  orientation 90.00
layer back
$PAD "2"
Shape Rect Layer back
position  1.100000  0.000000  size  0.500000  0.500000  orientation 0.00
drill  0.000000
shape_offset  0.000000  0.000000
$EndPAD
$PAD "1"
Shape Rect Layer back
position -1.100000  0.000000  size  0.500000  0.500000  orientation 0.00
drill  0.000000
shape_offset  0.000000  0.000000
$EndPAD
$EndMODULE  D25

$MODULE "D24"
reference "D24"
value "D"
footprint "D_SOD-323F"
attribut smd
position 127.298500 127.852000  orientation 90.00
layer back
$PAD "2"
Shape Rect Layer back
position  1.100000  0.000000  size  0.500000  0.500000  orientation 0.00
drill  0.000000
shape_offset  0.000000  0.000000
$EndPAD
$PAD "1"
Shape Rect Layer back
position -1.100000  0.000000  size  0.500000  0.500000  orientation 0.00
drill  0.000000
shape_offset  0.000000  0.000000
$EndPAD
$EndMODULE  D24

$MODULE "D23"
reference "D23"
value "D"
footprint "D_SOD-323F"
attribut smd
position 108.248500 127.852000  orientation 90.00
layer back
$PAD "2"
Shape Rect Layer back
position  1.100000  0.000000  size  0.500000  0.500000  orientation 0.00
drill  0.000000
shape_offset  0.000000  0.000000
$EndPAD
$PAD "1"
Shape Rect Layer back
position -1.100000  0.000000  size  0.500000  0.500000  orientation 0.00
drill  0.000000
shape_offset  0.000000  0.000000
$EndPAD
$EndMODULE  D23

$MODULE "D22"
reference "D22"
value "D"
footprint "D_SOD-323F"
attribut smd
position 86.817250 127.852000  orientation 90.00
layer back
$PAD "2"
Shape Rect Layer back
position  1.100000  0.000000  size  0.500000  0.500000  orientation 0.00
drill  0.000000
shape_offset  0.000000  0.000000
$EndPAD
$PAD "1"
Shape Rect Layer back
position -1.100000  0.000000  size  0.500000  0.500000  orientation 0.00
drill  0.000000
shape_offset  0.000000  0.000000
$EndPAD
$EndMODULE  D22

$MODULE "D21"
reference "D21"
value "D"
footprint "D_SOD-323F"
attribut smd
position 213.023500 108.802000  orientation 90.00
layer back
$PAD "2"
Shape Rect Layer back
position  1.100000  0.000000  size  0.500000  0.500000  orientation 0.00
drill  0.000000
shape_offset  0.000000  0.000000
$EndPAD
$PAD "1"
Shape Rect Layer back
position -1.100000  0.000000  size  0.500000  0.500000  orientation 0.00
drill  0.000000
shape_offset  0.000000  0.000000
$EndPAD
$EndMODULE  D21

$MODULE "D20"
reference "D20"
value "D"
footprint "D_SOD-323F"
attribut smd
position 193.973500 108.802000  orientation 90.00
layer back
$PAD "2"
Shape Rect Layer back
position  1.100000  0.000000  size  0.500000  0.500000  orientation 0.00
drill  0.000000
shape_offset  0.000000  0.000000
$EndPAD
$PAD "1"
Shape Rect Layer back
position -1.100000  0.000000  size  0.500000  0.500000  orientation 0.00
drill  0.000000
shape_offset  0.000000  0.000000
$EndPAD
$EndMODULE  D20

$MODULE "D2"
reference "D2"
value "D"
footprint "D_SOD-323F"
attribut smd
position 103.486000 70.702000  orientation 90.00
layer back
$PAD "2"
Shape Rect Layer back
position  1.100000  0.000000  size  0.500000  0.500000  orientation 0.00
drill  0.000000
shape_offset  0.000000  0.000000
$EndPAD
$PAD "1"
Shape Rect Layer back
position -1.100000  0.000000  size  0.500000  0.500000  orientation 0.00
drill  0.000000
shape_offset  0.000000  0.000000
$EndPAD
$EndMODULE  D2

$MODULE "D19"
reference "D19"
value "D"
footprint "D_SOD-323F"
attribut smd
position 174.923500 108.802000  orientation 90.00
layer back
$PAD "2"
Shape Rect Layer back
position  1.100000  0.000000  size  0.500000  0.500000  orientation 0.00
drill  0.000000
shape_offset  0.000000  0.000000
$EndPAD
$PAD "1"
Shape Rect Layer back
position -1.100000  0.000000  size  0.500000  0.500000  orientation 0.00
drill  0.000000
shape_offset  0.000000  0.000000
$EndPAD
$EndMODULE  D19

$MODULE "D18"
reference "D18"
value "D"
footprint "D_SOD-323F"
attribut smd
position 155.873500 108.802000  orientation 90.00
layer back
$PAD "2"
Shape Rect Layer back
position  1.100000  0.000000  size  0.500000  0.500000  orientation 0.00
drill  0.000000
shape_offset  0.000000  0.000000
$EndPAD
$PAD "1"
Shape Rect Layer back
position -1.100000  0.000000  size  0.500000  0.500000  orientation 0.00
drill  0.000000
shape_offset  0.000000  0.000000
$EndPAD
$EndMODULE  D18

$MODULE "D17"
reference "D17"
value "D"
footprint "D_SOD-323F"
attribut smd
position 136.823500 108.802000  orientation 90.00
layer back
$PAD "2"
Shape Rect Layer back
position  1.100000  0.000000  size  0.500000  0.500000  orientation 0.00
drill  0.000000
shape_offset  0.000000  0.000000
$EndPAD
$PAD "1"
Shape Rect Layer back
position -1.100000  0.000000  size  0.500000  0.500000  orientation 0.00
drill  0.000000
shape_offset  0.000000  0.000000
$EndPAD
$EndMODULE  D17

$MODULE "D16"
reference "D16"
value "D"
footprint "D_SOD-323F"
attribut smd
position 117.773500 108.802000  orientation 90.00
layer back
$PAD "2"
Shape Rect Layer back
position  1.100000  0.000000  size  0.500000  0.500000  orientation 0.00
drill  0.000000
shape_offset  0.000000  0.000000
$EndPAD
$PAD "1"
Shape Rect Layer back
position -1.100000  0.000000  size  0.500000  0.500000  orientation 0.00
drill  0.000000
shape_offset  0.000000  0.000000
$EndPAD
$EndMODULE  D16

$MODULE "D15"
reference "D15"
value "D"
footprint "D_SOD-323F"
attribut smd
position 91.579750 108.802000  orientation 90.00
layer back
$PAD "2"
Shape Rect Layer back
position  1.100000  0.000000  size  0.500000  0.500000  orientation 0.00
drill  0.000000
shape_offset  0.000000  0.000000
$EndPAD
$PAD "1"
Shape Rect Layer back
position -1.100000  0.000000  size  0.500000  0.500000  orientation 0.00
drill  0.000000
shape_offset  0.000000  0.000000
$EndPAD
$EndMODULE  D15

$MODULE "D14"
reference "D14"
value "D"
footprint "D_SOD-323F"
attribut smd
position 208.261000 89.752000  orientation 90.00
layer back
$PAD "2"
Shape Rect Layer back
position  1.100000  0.000000  size  0.500000  0.500000  orientation 0.00
drill  0.000000
shape_offset  0.000000  0.000000
$EndPAD
$PAD "1"
Shape Rect Layer back
position -1.100000  0.000000  size  0.500000  0.500000  orientation 0.00
drill  0.000000
shape_offset  0.000000  0.000000
$EndPAD
$EndMODULE  D14

$MODULE "D13"
reference "D13"
value "D"
footprint "D_SOD-323F"
attribut smd
position 189.211000 89.752000  orientation 90.00
layer back
$PAD "2"
Shape Rect Layer back
position  1.100000  0.000000  size  0.500000  0.500000  orientation 0.00
drill  0.000000
shape_offset  0.000000  0.000000
$EndPAD
$PAD "1"
Shape Rect Layer back
position -1.100000  0.000000  size  0.500000  0.500000  orientation 0.00
drill  0.000000
shape_offset  0.000000  0.000000
$EndPAD
$EndMODULE  D13

$MODULE "D12"
reference "D12"
value "D"
footprint "D_SOD-323F"
attribut smd
position 170.161000 89.752000  orientation 90.00
layer back
$PAD "2"
Shape Rect Layer back
position  1.100000  0.000000  size  0.500000  0.500000  orientation 0.00
drill  0.000000
shape_offset  0.000000  0.000000
$EndPAD
$PAD "1"
Shape Rect Layer back
position -1.100000  0.000000  size  0.500000  0.500000  orientation 0.00
drill  0.000000
shape_offset  0.000000  0.000000
$EndPAD
$EndMODULE  D12

$MODULE "D11"
reference "D11"
value "D"
footprint "D_SOD-323F"
attribut smd
position 151.111000 89.752000  orientation 90.00
layer back
$PAD "2"
Shape Rect Layer back
position  1.100000  0.000000  size  0.500000  0.500000  orientation 0.00
drill  0.000000
shape_offset  0.000000  0.000000
$EndPAD
$PAD "1"
Shape Rect Layer back
position -1.100000  0.000000  size  0.500000  0.500000  orientation 0.00
drill  0.000000
shape_offset  0.000000  0.000000
$EndPAD
$EndMODULE  D11

$MODULE "D10"
reference "D10"
value "D"
footprint "D_SOD-323F"
attribut smd
position 132.061000 89.752000  orientation 90.00
layer back
$PAD "2"
Shape Rect Layer back
position  1.100000  0.000000  size  0.500000  0.500000  orientation 0.00
drill  0.000000
shape_offset  0.000000  0.000000
$EndPAD
$PAD "1"
Shape Rect Layer back
position -1.100000  0.000000  size  0.500000  0.500000  orientation 0.00
drill  0.000000
shape_offset  0.000000  0.000000
$EndPAD
$EndMODULE  D10

$MODULE "D1"
reference "D1"
value "D"
footprint "D_SOD-323F"
attribut smd
position 84.436000 70.702000  orientation 90.00
layer back
$PAD "2"
Shape Rect Layer back
position  1.100000  0.000000  size  0.500000  0.500000  orientation 0.00
drill  0.000000
shape_offset  0.000000  0.000000
$EndPAD
$PAD "1"
Shape Rect Layer back
position -1.100000  0.000000  size  0.500000  0.500000  orientation 0.00
drill  0.000000
shape_offset  0.000000  0.000000
$EndPAD
$EndMODULE  D1

$MODULE "Y1"
reference "Y1"
value "8MHz"
footprint "Crystal:Crystal_SMD_5032-2Pin_5.0x3.2mm"
attribut smd
position 118.726000 56.739000  orientation 90.00
layer back
$PAD "1"
Shape Rect Layer back
position -1.850000  0.000000  size  2.000000  2.400000  orientation 0.00
drill  0.000000
shape_offset  0.000000  0.000000
$EndPAD
$PAD "2"
Shape Rect Layer back
position  1.850000  0.000000  size  2.000000  2.400000  orientation 0.00
drill  0.000000
shape_offset  0.000000  0.000000
$EndPAD
$EndMODULE  Y1

$EndDESCRIPTION
