13:20:56: User layout: {'meta': {'author': '', 'backcolor': '#eeeeee', 'background': {'name': '', 'style': ''}, 'name': '', 'notes': '', 'radii': '', 'switchBrand': '', 'switchMount': '', 'switchType': ''}, 'keys': [{'color': '#cccccc', 'labels': ['0,0'], 'textColor': [], 'textSize': [], 'default': {'textColor': '#000000', 'textSize': 3}, 'x': 0.25, 'y': 0, 'width': 1, 'height': 1, 'x2': 0, 'y2': 0, 'width2': 1, 'height2': 1, 'rotation_x': 0, 'rotation_y': 0, 'rotation_angle': 0, 'decal': False, 'ghost': False, 'stepped': False, 'nub': False, 'profile': '', 'sm': '', 'sb': '', 'st': ''}, {'color': '#cccccc', 'labels': ['0,1'], 'textColor': [], 'textSize': [], 'default': {'textColor': '#000000', 'textSize': 3}, 'x': 1.25, 'y': 0, 'width': 1, 'height': 1, 'x2': 0, 'y2': 0, 'width2': 1, 'height2': 1, 'rotation_x': 0, 'rotation_y': 0, 'rotation_angle': 0, 'decal': False, 'ghost': False, 'stepped': False, 'nub': False, 'profile': '', 'sm': '', 'sb': '', 'st': ''}, {'color': '#cccccc', 'labels': ['0,2'], 'textColor': [], 'textSize': [], 'default': {'textColor': '#000000', 'textSize': 3}, 'x': 2.25, 'y': 0, 'width': 1, 'height': 1, 'x2': 0, 'y2': 0, 'width2': 1, 'height2': 1, 'rotation_x': 0, 'rotation_y': 0, 'rotation_angle': 0, 'decal': False, 'ghost': False, 'stepped': False, 'nub': False, 'profile': '', 'sm': '', 'sb': '', 'st': ''}, {'color': '#cccccc', 'labels': ['0,3'], 'textColor': [], 'textSize': [], 'default': {'textColor': '#000000', 'textSize': 3}, 'x': 3.25, 'y': 0, 'width': 1, 'height': 1, 'x2': 0, 'y2': 0, 'width2': 1, 'height2': 1, 'rotation_x': 0, 'rotation_y': 0, 'rotation_angle': 0, 'decal': False, 'ghost': False, 'stepped': False, 'nub': False, 'profile': '', 'sm': '', 'sb': '', 'st': ''}, {'color': '#cccccc', 'labels': ['0,4'], 'textColor': [], 'textSize': [], 'default': {'textColor': '#000000', 'textSize': 3}, 'x': 4.25, 'y': 0, 'width': 1, 'height': 1, 'x2': 0, 'y2': 0, 'width2': 1, 'height2': 1, 'rotation_x': 0, 'rotation_y': 0, 'rotation_angle': 0, 'decal': False, 'ghost': False, 'stepped': False, 'nub': False, 'profile': '', 'sm': '', 'sb': '', 'st': ''}, {'color': '#cccccc', 'labels': ['0,5'], 'textColor': [], 'textSize': [], 'default': {'textColor': '#000000', 'textSize': 3}, 'x': 5.25, 'y': 0, 'width': 1, 'height': 1, 'x2': 0, 'y2': 0, 'width2': 1, 'height2': 1, 'rotation_x': 0, 'rotation_y': 0, 'rotation_angle': 0, 'decal': False, 'ghost': False, 'stepped': False, 'nub': False, 'profile': '', 'sm': '', 'sb': '', 'st': ''}, {'color': '#cccccc', 'labels': ['0,6'], 'textColor': [], 'textSize': [], 'default': {'textColor': '#000000', 'textSize': 3}, 'x': 6.25, 'y': 0, 'width': 1, 'height': 1, 'x2': 0, 'y2': 0, 'width2': 1, 'height2': 1, 'rotation_x': 0, 'rotation_y': 0, 'rotation_angle': 0, 'decal': False, 'ghost': False, 'stepped': False, 'nub': False, 'profile': '', 'sm': '', 'sb': '', 'st': ''}, {'color': '#cccccc', 'labels': ['0,8'], 'textColor': [], 'textSize': [], 'default': {'textColor': '#000000', 'textSize': 3}, 'x': 7.25, 'y': 0, 'width': 2, 'height': 1, 'x2': 0, 'y2': 0, 'width2': 2, 'height2': 1, 'rotation_x': 0, 'rotation_y': 0, 'rotation_angle': 0, 'decal': False, 'ghost': False, 'stepped': False, 'nub': False, 'profile': '', 'sm': '', 'sb': '', 'st': ''}, {'color': '#cccccc', 'labels': ['1,1'], 'textColor': [], 'textSize': [], 'default': {'textColor': '#000000', 'textSize': 3}, 'x': 0.75, 'y': 1, 'width': 1, 'height': 1, 'x2': 0, 'y2': 0, 'width2': 1, 'height2': 1, 'rotation_x': 0, 'rotation_y': 0, 'rotation_angle': 0, 'decal': False, 'ghost': False, 'stepped': False, 'nub': False, 'profile': '', 'sm': '', 'sb': '', 'st': ''}, {'color': '#cccccc', 'labels': ['1,2'], 'textColor': [], 'textSize': [], 'default': {'textColor': '#000000', 'textSize': 3}, 'x': 1.75, 'y': 1, 'width': 1, 'height': 1, 'x2': 0, 'y2': 0, 'width2': 1, 'height2': 1, 'rotation_x': 0, 'rotation_y': 0, 'rotation_angle': 0, 'decal': False, 'ghost': False, 'stepped': False, 'nub': False, 'profile': '', 'sm': '', 'sb': '', 'st': ''}, {'color': '#cccccc', 'labels': ['1,3'], 'textColor': [], 'textSize': [], 'default': {'textColor': '#000000', 'textSize': 3}, 'x': 2.75, 'y': 1, 'width': 1, 'height': 1, 'x2': 0, 'y2': 0, 'width2': 1, 'height2': 1, 'rotation_x': 0, 'rotation_y': 0, 'rotation_angle': 0, 'decal': False, 'ghost': False, 'stepped': False, 'nub': False, 'profile': '', 'sm': '', 'sb': '', 'st': ''}, {'color': '#cccccc', 'labels': ['1,4'], 'textColor': [], 'textSize': [], 'default': {'textColor': '#000000', 'textSize': 3}, 'x': 3.75, 'y': 1, 'width': 1, 'height': 1, 'x2': 0, 'y2': 0, 'width2': 1, 'height2': 1, 'rotation_x': 0, 'rotation_y': 0, 'rotation_angle': 0, 'decal': False, 'ghost': False, 'stepped': False, 'nub': False, 'profile': '', 'sm': '', 'sb': '', 'st': ''}, {'color': '#cccccc', 'labels': ['1,5'], 'textColor': [], 'textSize': [], 'default': {'textColor': '#000000', 'textSize': 3}, 'x': 4.75, 'y': 1, 'width': 1, 'height': 1, 'x2': 0, 'y2': 0, 'width2': 1, 'height2': 1, 'rotation_x': 0, 'rotation_y': 0, 'rotation_angle': 0, 'decal': False, 'ghost': False, 'stepped': False, 'nub': False, 'profile': '', 'sm': '', 'sb': '', 'st': ''}, {'color': '#cccccc', 'labels': ['1,6'], 'textColor': [], 'textSize': [], 'default': {'textColor': '#000000', 'textSize': 3}, 'x': 5.75, 'y': 1, 'width': 1, 'height': 1, 'x2': 0, 'y2': 0, 'width2': 1, 'height2': 1, 'rotation_x': 0, 'rotation_y': 0, 'rotation_angle': 0, 'decal': False, 'ghost': False, 'stepped': False, 'nub': False, 'profile': '', 'sm': '', 'sb': '', 'st': ''}, {'color': '#cccccc', 'labels': ['1,7'], 'textColor': [], 'textSize': [], 'default': {'textColor': '#000000', 'textSize': 3}, 'x': 6.75, 'y': 1, 'width': 1, 'height': 1, 'x2': 0, 'y2': 0, 'width2': 1, 'height2': 1, 'rotation_x': 0, 'rotation_y': 0, 'rotation_angle': 0, 'decal': False, 'ghost': False, 'stepped': False, 'nub': False, 'profile': '', 'sm': '', 'sb': '', 'st': ''}, {'color': '#cccccc', 'labels': ['2,8'], 'textColor': [], 'textSize': [], 'default': {'textColor': '#000000', 'textSize': 3}, 'x': 8, 'y': 1, 'width': 1.25, 'height': 2, 'x2': -0.25, 'y2': 0, 'width2': 1.5, 'height2': 1, 'rotation_x': 0, 'rotation_y': 0, 'rotation_angle': 0, 'decal': False, 'ghost': False, 'stepped': False, 'nub': False, 'profile': '', 'sm': '', 'sb': '', 'st': ''}, {'color': '#cccccc', 'labels': ['2,0'], 'textColor': [], 'textSize': [], 'default': {'textColor': '#000000', 'textSize': 3}, 'x': 0, 'y': 2, 'width': 1, 'height': 1, 'x2': 0, 'y2': 0, 'width2': 1, 'height2': 1, 'rotation_x': 0, 'rotation_y': 0, 'rotation_angle': 0, 'decal': False, 'ghost': False, 'stepped': False, 'nub': False, 'profile': '', 'sm': '', 'sb': '', 'st': ''}, {'color': '#cccccc', 'labels': ['2,1'], 'textColor': [], 'textSize': [], 'default': {'textColor': '#000000', 'textSize': 3}, 'x': 1, 'y': 2, 'width': 1, 'height': 1, 'x2': 0, 'y2': 0, 'width2': 1, 'height2': 1, 'rotation_x': 0, 'rotation_y': 0, 'rotation_angle': 0, 'decal': False, 'ghost': False, 'stepped': False, 'nub': False, 'profile': '', 'sm': '', 'sb': '', 'st': ''}, {'color': '#cccccc', 'labels': ['2,2'], 'textColor': [], 'textSize': [], 'default': {'textColor': '#000000', 'textSize': 3}, 'x': 2, 'y': 2, 'width': 1, 'height': 1, 'x2': 0, 'y2': 0, 'width2': 1, 'height2': 1, 'rotation_x': 0, 'rotation_y': 0, 'rotation_angle': 0, 'decal': False, 'ghost': False, 'stepped': False, 'nub': False, 'profile': '', 'sm': '', 'sb': '', 'st': ''}, {'color': '#cccccc', 'labels': ['2,3'], 'textColor': [], 'textSize': [], 'default': {'textColor': '#000000', 'textSize': 3}, 'x': 3, 'y': 2, 'width': 1, 'height': 1, 'x2': 0, 'y2': 0, 'width2': 1, 'height2': 1, 'rotation_x': 0, 'rotation_y': 0, 'rotation_angle': 0, 'decal': False, 'ghost': False, 'stepped': False, 'nub': False, 'profile': '', 'sm': '', 'sb': '', 'st': ''}, {'color': '#cccccc', 'labels': ['2,4'], 'textColor': [], 'textSize': [], 'default': {'textColor': '#000000', 'textSize': 3}, 'x': 4, 'y': 2, 'width': 1, 'height': 1, 'x2': 0, 'y2': 0, 'width2': 1, 'height2': 1, 'rotation_x': 0, 'rotation_y': 0, 'rotation_angle': 0, 'decal': False, 'ghost': False, 'stepped': False, 'nub': False, 'profile': '', 'sm': '', 'sb': '', 'st': ''}, {'color': '#cccccc', 'labels': ['2,5'], 'textColor': [], 'textSize': [], 'default': {'textColor': '#000000', 'textSize': 3}, 'x': 5, 'y': 2, 'width': 1, 'height': 1, 'x2': 0, 'y2': 0, 'width2': 1, 'height2': 1, 'rotation_x': 0, 'rotation_y': 0, 'rotation_angle': 0, 'decal': False, 'ghost': False, 'stepped': False, 'nub': False, 'profile': '', 'sm': '', 'sb': '', 'st': ''}, {'color': '#cccccc', 'labels': ['2,6'], 'textColor': [], 'textSize': [], 'default': {'textColor': '#000000', 'textSize': 3}, 'x': 6, 'y': 2, 'width': 1, 'height': 1, 'x2': 0, 'y2': 0, 'width2': 1, 'height2': 1, 'rotation_x': 0, 'rotation_y': 0, 'rotation_angle': 0, 'decal': False, 'ghost': False, 'stepped': False, 'nub': False, 'profile': '', 'sm': '', 'sb': '', 'st': ''}, {'color': '#cccccc', 'labels': ['2,7'], 'textColor': [], 'textSize': [], 'default': {'textColor': '#000000', 'textSize': 3}, 'x': 7, 'y': 2, 'width': 1, 'height': 1, 'x2': 0, 'y2': 0, 'width2': 1, 'height2': 1, 'rotation_x': 0, 'rotation_y': 0, 'rotation_angle': 0, 'decal': False, 'ghost': False, 'stepped': False, 'nub': False, 'profile': '', 'sm': '', 'sb': '', 'st': ''}, {'color': '#cccccc', 'labels': ['3,1'], 'textColor': [], 'textSize': [], 'default': {'textColor': '#000000', 'textSize': 3}, 'x': 0.5, 'y': 3, 'width': 1, 'height': 1, 'x2': 0, 'y2': 0, 'width2': 1, 'height2': 1, 'rotation_x': 0, 'rotation_y': 0, 'rotation_angle': 0, 'decal': False, 'ghost': False, 'stepped': False, 'nub': False, 'profile': '', 'sm': '', 'sb': '', 'st': ''}, {'color': '#cccccc', 'labels': ['3,2'], 'textColor': [], 'textSize': [], 'default': {'textColor': '#000000', 'textSize': 3}, 'x': 1.5, 'y': 3, 'width': 1, 'height': 1, 'x2': 0, 'y2': 0, 'width2': 1, 'height2': 1, 'rotation_x': 0, 'rotation_y': 0, 'rotation_angle': 0, 'decal': False, 'ghost': False, 'stepped': False, 'nub': False, 'profile': '', 'sm': '', 'sb': '', 'st': ''}, {'color': '#cccccc', 'labels': ['3,3'], 'textColor': [], 'textSize': [], 'default': {'textColor': '#000000', 'textSize': 3}, 'x': 2.5, 'y': 3, 'width': 1, 'height': 1, 'x2': 0, 'y2': 0, 'width2': 1, 'height2': 1, 'rotation_x': 0, 'rotation_y': 0, 'rotation_angle': 0, 'decal': False, 'ghost': False, 'stepped': False, 'nub': False, 'profile': '', 'sm': '', 'sb': '', 'st': ''}, {'color': '#cccccc', 'labels': ['3,4'], 'textColor': [], 'textSize': [], 'default': {'textColor': '#000000', 'textSize': 3}, 'x': 3.5, 'y': 3, 'width': 1, 'height': 1, 'x2': 0, 'y2': 0, 'width2': 1, 'height2': 1, 'rotation_x': 0, 'rotation_y': 0, 'rotation_angle': 0, 'decal': False, 'ghost': False, 'stepped': False, 'nub': False, 'profile': '', 'sm': '', 'sb': '', 'st': ''}, {'color': '#cccccc', 'labels': ['3,5'], 'textColor': [], 'textSize': [], 'default': {'textColor': '#000000', 'textSize': 3}, 'x': 4.5, 'y': 3, 'width': 1, 'height': 1, 'x2': 0, 'y2': 0, 'width2': 1, 'height2': 1, 'rotation_x': 0, 'rotation_y': 0, 'rotation_angle': 0, 'decal': False, 'ghost': False, 'stepped': False, 'nub': False, 'profile': '', 'sm': '', 'sb': '', 'st': ''}, {'color': '#cccccc', 'labels': ['3,6'], 'textColor': [], 'textSize': [], 'default': {'textColor': '#000000', 'textSize': 3}, 'x': 5.5, 'y': 3, 'width': 1, 'height': 1, 'x2': 0, 'y2': 0, 'width2': 1, 'height2': 1, 'rotation_x': 0, 'rotation_y': 0, 'rotation_angle': 0, 'decal': False, 'ghost': False, 'stepped': False, 'nub': False, 'profile': '', 'sm': '', 'sb': '', 'st': ''}, {'color': '#cccccc', 'labels': ['3,7'], 'textColor': [], 'textSize': [], 'default': {'textColor': '#000000', 'textSize': 3}, 'x': 6.5, 'y': 3, 'width': 1, 'height': 1, 'x2': 0, 'y2': 0, 'width2': 1, 'height2': 1, 'rotation_x': 0, 'rotation_y': 0, 'rotation_angle': 0, 'decal': False, 'ghost': False, 'stepped': False, 'nub': False, 'profile': '', 'sm': '', 'sb': '', 'st': ''}, {'color': '#cccccc', 'labels': ['3,8'], 'textColor': [], 'textSize': [], 'default': {'textColor': '#000000', 'textSize': 3}, 'x': 7.5, 'y': 3, 'width': 1.75, 'height': 1, 'x2': 0, 'y2': 0, 'width2': 1.75, 'height2': 1, 'rotation_x': 0, 'rotation_y': 0, 'rotation_angle': 0, 'decal': False, 'ghost': False, 'stepped': False, 'nub': False, 'profile': '', 'sm': '', 'sb': '', 'st': ''}, {'color': '#cccccc', 'labels': ['4,1'], 'textColor': [], 'textSize': [], 'default': {'textColor': '#000000', 'textSize': 3}, 'x': 0.5, 'y': 4, 'width': 2, 'height': 1, 'x2': 0, 'y2': 0, 'width2': 2, 'height2': 1, 'rotation_x': 0, 'rotation_y': 0, 'rotation_angle': 0, 'decal': False, 'ghost': False, 'stepped': False, 'nub': False, 'profile': '', 'sm': '', 'sb': '', 'st': ''}, {'color': '#cccccc', 'labels': ['4,3'], 'textColor': [], 'textSize': [], 'default': {'textColor': '#000000', 'textSize': 3}, 'x': 2.5, 'y': 4, 'width': 1, 'height': 1, 'x2': 0, 'y2': 0, 'width2': 1, 'height2': 1, 'rotation_x': 0, 'rotation_y': 0, 'rotation_angle': 0, 'decal': False, 'ghost': False, 'stepped': False, 'nub': False, 'profile': '', 'sm': '', 'sb': '', 'st': ''}, {'color': '#cccccc', 'labels': ['4,4'], 'textColor': [], 'textSize': [], 'default': {'textColor': '#000000', 'textSize': 3}, 'x': 3.5, 'y': 4, 'width': 1, 'height': 1, 'x2': 0, 'y2': 0, 'width2': 1, 'height2': 1, 'rotation_x': 0, 'rotation_y': 0, 'rotation_angle': 0, 'decal': False, 'ghost': False, 'stepped': False, 'nub': False, 'profile': '', 'sm': '', 'sb': '', 'st': ''}, {'color': '#cccccc', 'labels': ['4,5'], 'textColor': [], 'textSize': [], 'default': {'textColor': '#000000', 'textSize': 3}, 'x': 4.5, 'y': 4, 'width': 1, 'height': 1, 'x2': 0, 'y2': 0, 'width2': 1, 'height2': 1, 'rotation_x': 0, 'rotation_y': 0, 'rotation_angle': 0, 'decal': False, 'ghost': False, 'stepped': False, 'nub': False, 'profile': '', 'sm': '', 'sb': '', 'st': ''}, {'color': '#cccccc', 'labels': ['4,6'], 'textColor': [], 'textSize': [], 'default': {'textColor': '#000000', 'textSize': 3}, 'x': 5.5, 'y': 4, 'width': 1, 'height': 1, 'x2': 0, 'y2': 0, 'width2': 1, 'height2': 1, 'rotation_x': 0, 'rotation_y': 0, 'rotation_angle': 0, 'decal': False, 'ghost': False, 'stepped': False, 'nub': False, 'profile': '', 'sm': '', 'sb': '', 'st': ''}, {'color': '#cccccc', 'labels': ['4,7'], 'textColor': [], 'textSize': [], 'default': {'textColor': '#000000', 'textSize': 3}, 'x': 6.5, 'y': 4, 'width': 1, 'height': 1, 'x2': 0, 'y2': 0, 'width2': 1, 'height2': 1, 'rotation_x': 0, 'rotation_y': 0, 'rotation_angle': 0, 'decal': False, 'ghost': False, 'stepped': False, 'nub': False, 'profile': '', 'sm': '', 'sb': '', 'st': ''}, {'color': '#cccccc', 'labels': ['4,8'], 'textColor': [], 'textSize': [], 'default': {'textColor': '#000000', 'textSize': 3}, 'x': 7.5, 'y': 4, 'width': 1, 'height': 1, 'x2': 0, 'y2': 0, 'width2': 1, 'height2': 1, 'rotation_x': 0, 'rotation_y': 0, 'rotation_angle': 0, 'decal': False, 'ghost': False, 'stepped': False, 'nub': False, 'profile': '', 'sm': '', 'sb': '', 'st': ''}]}
13:20:56: Searching for SW1 module
13:20:56: Setting SW1 module position: (39287500, 34525000)
13:20:56: Searching for D1 module
13:20:56: Setting D1 module position: (44367500, 37555000)
13:20:56: Searching for SW2 module
13:20:56: Setting SW2 module position: (58337500, 34525000)
13:20:56: Searching for D2 module
13:20:56: Setting D2 module position: (63417500, 37555000)
13:20:56: Searching for SW3 module
13:20:56: Setting SW3 module position: (77387500, 34525000)
13:20:56: Searching for D3 module
13:20:56: Setting D3 module position: (82467500, 37555000)
13:20:56: Searching for SW4 module
13:20:56: Setting SW4 module position: (96437500, 34525000)
13:20:56: Searching for D4 module
13:20:56: Setting D4 module position: (101517500, 37555000)
13:20:56: Searching for SW5 module
13:20:56: Setting SW5 module position: (115487500, 34525000)
13:20:56: Searching for D5 module
13:20:56: Setting D5 module position: (120567500, 37555000)
13:20:56: Searching for SW6 module
13:20:56: Setting SW6 module position: (134537500, 34525000)
13:20:56: Searching for D6 module
13:20:56: Setting D6 module position: (139617500, 37555000)
13:20:56: Searching for SW7 module
13:20:56: Setting SW7 module position: (153587500, 34525000)
13:20:56: Searching for D7 module
13:20:56: Setting D7 module position: (158667500, 37555000)
13:20:56: Searching for SW8 module
13:20:56: Setting SW8 module position: (182162500, 34525000)
13:20:56: Setting ST8 module position: (182162500, 34525000)
13:20:56: Searching for D8 module
13:20:56: Setting D8 module position: (187242500, 37555000)
13:20:56: Searching for SW9 module
13:20:56: Setting SW9 module position: (48812500, 53575000)
13:20:56: Searching for D9 module
13:20:56: Setting D9 module position: (53892500, 56605000)
13:20:56: Searching for SW10 module
13:20:56: Setting SW10 module position: (67862500, 53575000)
13:20:56: Searching for D10 module
13:20:56: Setting D10 module position: (72942500, 56605000)
13:20:56: Searching for SW11 module
13:20:56: Setting SW11 module position: (86912500, 53575000)
13:20:56: Searching for D11 module
13:20:56: Setting D11 module position: (91992500, 56605000)
13:20:56: Searching for SW12 module
13:20:56: Setting SW12 module position: (105962500, 53575000)
13:20:56: Searching for D12 module
13:20:56: Setting D12 module position: (111042500, 56605000)
13:20:56: Searching for SW13 module
13:20:56: Setting SW13 module position: (125012500, 53575000)
13:20:56: Searching for D13 module
13:20:56: Setting D13 module position: (130092500, 56605000)
13:20:56: Searching for SW14 module
13:20:56: Setting SW14 module position: (144062500, 53575000)
13:20:56: Searching for D14 module
13:20:56: Setting D14 module position: (149142500, 56605000)
13:20:56: Searching for SW15 module
13:20:56: Setting SW15 module position: (163112500, 53575000)
13:20:56: Searching for D15 module
13:20:56: Setting D15 module position: (168192500, 56605000)
13:20:56: Searching for SW16 module
13:20:56: Setting SW16 module position: (189306250, 63100000)
13:20:56: Setting ST16 module position: (189306250, 63100000)
13:20:56: Searching for D16 module
13:20:56: Setting D16 module position: (194386250, 66130000)
13:20:56: Searching for SW17 module
13:20:56: Setting SW17 module position: (34525000, 72625000)
13:20:56: Searching for D17 module
13:20:56: Setting D17 module position: (39605000, 75655000)
13:20:56: Searching for SW18 module
13:20:56: Setting SW18 module position: (53575000, 72625000)
13:20:56: Searching for D18 module
13:20:56: Setting D18 module position: (58655000, 75655000)
13:20:56: Searching for SW19 module
13:20:56: Setting SW19 module position: (72625000, 72625000)
13:20:56: Searching for D19 module
13:20:56: Setting D19 module position: (77705000, 75655000)
13:20:56: Searching for SW20 module
13:20:56: Setting SW20 module position: (91675000, 72625000)
13:20:56: Searching for D20 module
13:20:56: Setting D20 module position: (96755000, 75655000)
13:20:56: Searching for SW21 module
13:20:56: Setting SW21 module position: (110725000, 72625000)
13:20:56: Searching for D21 module
13:20:56: Setting D21 module position: (115805000, 75655000)
13:20:56: Searching for SW22 module
13:20:56: Setting SW22 module position: (129775000, 72625000)
13:20:56: Searching for D22 module
13:20:56: Setting D22 module position: (134855000, 75655000)
13:20:56: Searching for SW23 module
13:20:56: Setting SW23 module position: (148825000, 72625000)
13:20:56: Searching for D23 module
13:20:56: Setting D23 module position: (153905000, 75655000)
13:20:56: Searching for SW24 module
13:20:56: Setting SW24 module position: (167875000, 72625000)
13:20:56: Searching for D24 module
13:20:56: Setting D24 module position: (172955000, 75655000)
13:20:56: Searching for SW25 module
13:20:56: Setting SW25 module position: (44050000, 91675000)
13:20:56: Searching for D25 module
13:20:56: Setting D25 module position: (49130000, 94705000)
13:20:56: Searching for SW26 module
13:20:56: Setting SW26 module position: (63100000, 91675000)
13:20:56: Searching for D26 module
13:20:56: Setting D26 module position: (68180000, 94705000)
13:20:56: Searching for SW27 module
13:20:56: Setting SW27 module position: (82150000, 91675000)
13:20:56: Searching for D27 module
13:20:56: Setting D27 module position: (87230000, 94705000)
13:20:56: Searching for SW28 module
13:20:56: Setting SW28 module position: (101200000, 91675000)
13:20:56: Searching for D28 module
13:20:56: Setting D28 module position: (106280000, 94705000)
13:20:56: Searching for SW29 module
13:20:56: Setting SW29 module position: (120250000, 91675000)
13:20:56: Searching for D29 module
13:20:56: Setting D29 module position: (125330000, 94705000)
13:20:56: Searching for SW30 module
13:20:56: Setting SW30 module position: (139300000, 91675000)
13:20:56: Searching for D30 module
13:20:56: Setting D30 module position: (144380000, 94705000)
13:20:56: Searching for SW31 module
13:20:56: Setting SW31 module position: (158350000, 91675000)
13:20:56: Searching for D31 module
13:20:56: Setting D31 module position: (163430000, 94705000)
13:20:56: Searching for SW32 module
13:20:56: Setting SW32 module position: (184543750, 91675000)
13:20:56: Searching for D32 module
13:20:56: Setting D32 module position: (189623750, 94705000)
13:20:56: Searching for SW33 module
13:20:56: Setting SW33 module position: (53575000, 110725000)
13:20:56: Setting ST33 module position: (53575000, 110725000)
13:20:56: Searching for D33 module
13:20:56: Setting D33 module position: (58655000, 113755000)
13:20:56: Searching for SW34 module
13:20:56: Setting SW34 module position: (82150000, 110725000)
13:20:56: Searching for D34 module
13:20:56: Setting D34 module position: (87230000, 113755000)
13:20:56: Searching for SW35 module
13:20:56: Setting SW35 module position: (101200000, 110725000)
13:20:56: Searching for D35 module
13:20:56: Setting D35 module position: (106280000, 113755000)
13:20:56: Searching for SW36 module
13:20:56: Setting SW36 module position: (120250000, 110725000)
13:20:56: Searching for D36 module
13:20:56: Setting D36 module position: (125330000, 113755000)
13:20:56: Searching for SW37 module
13:20:56: Setting SW37 module position: (139300000, 110725000)
13:20:56: Searching for D37 module
13:20:56: Setting D37 module position: (144380000, 113755000)
13:20:56: Searching for SW38 module
13:20:56: Setting SW38 module position: (158350000, 110725000)
13:20:56: Searching for D38 module
13:20:56: Setting D38 module position: (163430000, 113755000)
13:20:56: Searching for SW39 module
13:20:56: Setting SW39 module position: (177400000, 110725000)
13:20:56: Searching for D39 module
13:20:56: Setting D39 module position: (182480000, 113755000)
